<?xml version="1.0" encoding="UTF-8"?>
<testsuite name="br.com.evasion.src.unit.impl.UserServiceTest" tests="13" skipped="0" failures="1" errors="0" timestamp="2023-06-12T22:23:42" hostname="ni-66607-1p" time="0.13">
  <properties/>
  <testcase name="createUserTypeIsNullTest()" classname="br.com.evasion.src.unit.impl.UserServiceTest" time="0.034"/>
  <testcase name="createUserPasswordIsNullTest()" classname="br.com.evasion.src.unit.impl.UserServiceTest" time="0.007"/>
  <testcase name="authUserTest()" classname="br.com.evasion.src.unit.impl.UserServiceTest" time="0.013"/>
  <testcase name="deleteUserNotFoundTest()" classname="br.com.evasion.src.unit.impl.UserServiceTest" time="0.007"/>
  <testcase name="createUserNameIsNullTest()" classname="br.com.evasion.src.unit.impl.UserServiceTest" time="0.009">
    <failure message="org.opentest4j.AssertionFailedError: Expected br.com.evasion.src.exception.GeneralException to be thrown, but nothing was thrown." type="org.opentest4j.AssertionFailedError">org.opentest4j.AssertionFailedError: Expected br.com.evasion.src.exception.GeneralException to be thrown, but nothing was thrown.
	at app//org.junit.jupiter.api.AssertThrows.assertThrows(AssertThrows.java:71)
	at app//org.junit.jupiter.api.AssertThrows.assertThrows(AssertThrows.java:37)
	at app//org.junit.jupiter.api.Assertions.assertThrows(Assertions.java:2952)
	at app//br.com.evasion.src.unit.impl.UserServiceTest.createUserNameIsNullTest(UserServiceTest.java:75)
	at java.base@17.0.7/jdk.internal.reflect.NativeMethodAccessorImpl.invoke0(Native Method)
	at java.base@17.0.7/jdk.internal.reflect.NativeMethodAccessorImpl.invoke(NativeMethodAccessorImpl.java:77)
	at java.base@17.0.7/jdk.internal.reflect.DelegatingMethodAccessorImpl.invoke(DelegatingMethodAccessorImpl.java:43)
	at java.base@17.0.7/java.lang.reflect.Method.invoke(Method.java:568)
	at app//org.junit.platform.commons.util.ReflectionUtils.invokeMethod(ReflectionUtils.java:686)
	at app//org.junit.jupiter.engine.execution.MethodInvocation.proceed(MethodInvocation.java:60)
	at app//org.junit.jupiter.engine.execution.InvocationInterceptorChain$ValidatingInvocation.proceed(InvocationInterceptorChain.java:131)
	at app//org.junit.jupiter.engine.extension.TimeoutExtension.intercept(TimeoutExtension.java:149)
	at app//org.junit.jupiter.engine.extension.TimeoutExtension.interceptTestableMethod(TimeoutExtension.java:140)
	at app//org.junit.jupiter.engine.extension.TimeoutExtension.interceptTestMethod(TimeoutExtension.java:84)
	at app//org.junit.jupiter.engine.execution.ExecutableInvoker$ReflectiveInterceptorCall.lambda$ofVoidMethod$0(ExecutableInvoker.java:115)
	at app//org.junit.jupiter.engine.execution.ExecutableInvoker.lambda$invoke$0(ExecutableInvoker.java:105)
	at app//org.junit.jupiter.engine.execution.InvocationInterceptorChain$InterceptedInvocation.proceed(InvocationInterceptorChain.java:106)
	at app//org.junit.jupiter.engine.execution.InvocationInterceptorChain.proceed(InvocationInterceptorChain.java:64)
	at app//org.junit.jupiter.engine.execution.InvocationInterceptorChain.chainAndInvoke(InvocationInterceptorChain.java:45)
	at app//org.junit.jupiter.engine.execution.InvocationInterceptorChain.invoke(InvocationInterceptorChain.java:37)
	at app//org.junit.jupiter.engine.execution.ExecutableInvoker.invoke(ExecutableInvoker.java:104)
	at app//org.junit.jupiter.engine.execution.ExecutableInvoker.invoke(ExecutableInvoker.java:98)
	at app//org.junit.jupiter.engine.descriptor.TestMethodTestDescriptor.lambda$invokeTestMethod$6(TestMethodTestDescriptor.java:212)
	at app//org.junit.platform.engine.support.hierarchical.ThrowableCollector.execute(ThrowableCollector.java:73)
	at app//org.junit.jupiter.engine.descriptor.TestMethodTestDescriptor.invokeTestMethod(TestMethodTestDescriptor.java:208)
	at app//org.junit.jupiter.engine.descriptor.TestMethodTestDescriptor.execute(TestMethodTestDescriptor.java:137)
	at app//org.junit.jupiter.engine.descriptor.TestMethodTestDescriptor.execute(TestMethodTestDescriptor.java:71)
	at app//org.junit.platform.engine.support.hierarchical.NodeTestTask.lambda$executeRecursively$5(NodeTestTask.java:135)
	at app//org.junit.platform.engine.support.hierarchical.ThrowableCollector.execute(ThrowableCollector.java:73)
	at app//org.junit.platform.engine.support.hierarchical.NodeTestTask.lambda$executeRecursively$7(NodeTestTask.java:125)
	at app//org.junit.platform.engine.support.hierarchical.Node.around(Node.java:135)
	at app//org.junit.platform.engine.support.hierarchical.NodeTestTask.lambda$executeRecursively$8(NodeTestTask.java:123)
	at app//org.junit.platform.engine.support.hierarchical.ThrowableCollector.execute(ThrowableCollector.java:73)
	at app//org.junit.platform.engine.support.hierarchical.NodeTestTask.executeRecursively(NodeTestTask.java:122)
	at app//org.junit.platform.engine.support.hierarchical.NodeTestTask.execute(NodeTestTask.java:80)
	at java.base@17.0.7/java.util.ArrayList.forEach(ArrayList.java:1511)
	at app//org.junit.platform.engine.support.hierarchical.SameThreadHierarchicalTestExecutorService.invokeAll(SameThreadHierarchicalTestExecutorService.java:38)
	at app//org.junit.platform.engine.support.hierarchical.NodeTestTask.lambda$executeRecursively$5(NodeTestTask.java:139)
	at app//org.junit.platform.engine.support.hierarchical.ThrowableCollector.execute(ThrowableCollector.java:73)
	at app//org.junit.platform.engine.support.hierarchical.NodeTestTask.lambda$executeRecursively$7(NodeTestTask.java:125)
	at app//org.junit.platform.engine.support.hierarchical.Node.around(Node.java:135)
	at app//org.junit.platform.engine.support.hierarchical.NodeTestTask.lambda$executeRecursively$8(NodeTestTask.java:123)
	at app//org.junit.platform.engine.support.hierarchical.ThrowableCollector.execute(ThrowableCollector.java:73)
	at app//org.junit.platform.engine.support.hierarchical.NodeTestTask.executeRecursively(NodeTestTask.java:122)
	at app//org.junit.platform.engine.support.hierarchical.NodeTestTask.execute(NodeTestTask.java:80)
	at java.base@17.0.7/java.util.ArrayList.forEach(ArrayList.java:1511)
	at app//org.junit.platform.engine.support.hierarchical.SameThreadHierarchicalTestExecutorService.invokeAll(SameThreadHierarchicalTestExecutorService.java:38)
	at app//org.junit.platform.engine.support.hierarchical.NodeTestTask.lambda$executeRecursively$5(NodeTestTask.java:139)
	at app//org.junit.platform.engine.support.hierarchical.ThrowableCollector.execute(ThrowableCollector.java:73)
	at app//org.junit.platform.engine.support.hierarchical.NodeTestTask.lambda$executeRecursively$7(NodeTestTask.java:125)
	at app//org.junit.platform.engine.support.hierarchical.Node.around(Node.java:135)
	at app//org.junit.platform.engine.support.hierarchical.NodeTestTask.lambda$executeRecursively$8(NodeTestTask.java:123)
	at app//org.junit.platform.engine.support.hierarchical.ThrowableCollector.execute(ThrowableCollector.java:73)
	at app//org.junit.platform.engine.support.hierarchical.NodeTestTask.executeRecursively(NodeTestTask.java:122)
	at app//org.junit.platform.engine.support.hierarchical.NodeTestTask.execute(NodeTestTask.java:80)
	at app//org.junit.platform.engine.support.hierarchical.SameThreadHierarchicalTestExecutorService.submit(SameThreadHierarchicalTestExecutorService.java:32)
	at app//org.junit.platform.engine.support.hierarchical.HierarchicalTestExecutor.execute(HierarchicalTestExecutor.java:57)
	at app//org.junit.platform.engine.support.hierarchical.HierarchicalTestEngine.execute(HierarchicalTestEngine.java:51)
	at org.junit.platform.launcher.core.EngineExecutionOrchestrator.execute(EngineExecutionOrchestrator.java:107)
	at org.junit.platform.launcher.core.EngineExecutionOrchestrator.execute(EngineExecutionOrchestrator.java:88)
	at org.junit.platform.launcher.core.EngineExecutionOrchestrator.lambda$execute$0(EngineExecutionOrchestrator.java:54)
	at org.junit.platform.launcher.core.EngineExecutionOrchestrator.withInterceptedStreams(EngineExecutionOrchestrator.java:67)
	at org.junit.platform.launcher.core.EngineExecutionOrchestrator.execute(EngineExecutionOrchestrator.java:52)
	at org.junit.platform.launcher.core.DefaultLauncher.execute(DefaultLauncher.java:114)
	at org.junit.platform.launcher.core.DefaultLauncher.execute(DefaultLauncher.java:86)
	at org.junit.platform.launcher.core.DefaultLauncherSession$DelegatingLauncher.execute(DefaultLauncherSession.java:86)
	at org.junit.platform.launcher.core.SessionPerRequestLauncher.execute(SessionPerRequestLauncher.java:53)
	at org.gradle.api.internal.tasks.testing.junitplatform.JUnitPlatformTestClassProcessor$CollectAllTestClassesExecutor.processAllTestClasses(JUnitPlatformTestClassProcessor.java:99)
	at org.gradle.api.internal.tasks.testing.junitplatform.JUnitPlatformTestClassProcessor$CollectAllTestClassesExecutor.access$000(JUnitPlatformTestClassProcessor.java:79)
	at org.gradle.api.internal.tasks.testing.junitplatform.JUnitPlatformTestClassProcessor.stop(JUnitPlatformTestClassProcessor.java:75)
	at org.gradle.api.internal.tasks.testing.SuiteTestClassProcessor.stop(SuiteTestClassProcessor.java:62)
	at java.base@17.0.7/jdk.internal.reflect.NativeMethodAccessorImpl.invoke0(Native Method)
	at java.base@17.0.7/jdk.internal.reflect.NativeMethodAccessorImpl.invoke(NativeMethodAccessorImpl.java:77)
	at java.base@17.0.7/jdk.internal.reflect.DelegatingMethodAccessorImpl.invoke(DelegatingMethodAccessorImpl.java:43)
	at java.base@17.0.7/java.lang.reflect.Method.invoke(Method.java:568)
	at org.gradle.internal.dispatch.ReflectionDispatch.dispatch(ReflectionDispatch.java:36)
	at org.gradle.internal.dispatch.ReflectionDispatch.dispatch(ReflectionDispatch.java:24)
	at org.gradle.internal.dispatch.ContextClassLoaderDispatch.dispatch(ContextClassLoaderDispatch.java:33)
	at org.gradle.internal.dispatch.ProxyDispatchAdapter$DispatchingInvocationHandler.invoke(ProxyDispatchAdapter.java:94)
	at jdk.proxy1/jdk.proxy1.$Proxy2.stop(Unknown Source)
	at org.gradle.api.internal.tasks.testing.worker.TestWorker$3.run(TestWorker.java:193)
	at org.gradle.api.internal.tasks.testing.worker.TestWorker.executeAndMaintainThreadName(TestWorker.java:129)
	at org.gradle.api.internal.tasks.testing.worker.TestWorker.execute(TestWorker.java:100)
	at org.gradle.api.internal.tasks.testing.worker.TestWorker.execute(TestWorker.java:60)
	at org.gradle.process.internal.worker.child.ActionExecutionWorker.execute(ActionExecutionWorker.java:56)
	at org.gradle.process.internal.worker.child.SystemApplicationClassLoaderWorker.call(SystemApplicationClassLoaderWorker.java:113)
	at org.gradle.process.internal.worker.child.SystemApplicationClassLoaderWorker.call(SystemApplicationClassLoaderWorker.java:65)
	at app//worker.org.gradle.process.internal.worker.GradleWorkerMain.run(GradleWorkerMain.java:69)
	at app//worker.org.gradle.process.internal.worker.GradleWorkerMain.main(GradleWorkerMain.java:74)
</failure>
  </testcase>
  <testcase name="createUserEmailAlreadyExistTest()" classname="br.com.evasion.src.unit.impl.UserServiceTest" time="0.005"/>
  <testcase name="createUserEmailIsNullTest()" classname="br.com.evasion.src.unit.impl.UserServiceTest" time="0.005"/>
  <testcase name="createUserTest()" classname="br.com.evasion.src.unit.impl.UserServiceTest" time="0.006"/>
  <testcase name="createUserIsNullTest()" classname="br.com.evasion.src.unit.impl.UserServiceTest" time="0.006"/>
  <testcase name="authUserNotFoundTest()" classname="br.com.evasion.src.unit.impl.UserServiceTest" time="0.005"/>
  <testcase name="findAllUsersTest()" classname="br.com.evasion.src.unit.impl.UserServiceTest" time="0.004"/>
  <testcase name="findAllUsersExceptionTest()" classname="br.com.evasion.src.unit.impl.UserServiceTest" time="0.004"/>
  <testcase name="deleteUserTest()" classname="br.com.evasion.src.unit.impl.UserServiceTest" time="0.006"/>
  <system-out><![CDATA[19:23:42.027 [Test worker] DEBUG org.springframework.test.context.BootstrapUtils - Instantiating CacheAwareContextLoaderDelegate from class [org.springframework.test.context.cache.DefaultCacheAwareContextLoaderDelegate]
19:23:42.034 [Test worker] DEBUG org.springframework.test.context.BootstrapUtils - Instantiating BootstrapContext using constructor [public org.springframework.test.context.support.DefaultBootstrapContext(java.lang.Class,org.springframework.test.context.CacheAwareContextLoaderDelegate)]
19:23:42.054 [Test worker] DEBUG org.springframework.test.context.BootstrapUtils - Instantiating TestContextBootstrapper for test class [br.com.evasion.src.unit.impl.UserServiceTest] from class [org.springframework.test.context.support.DefaultTestContextBootstrapper]
19:23:42.066 [Test worker] DEBUG org.springframework.test.context.support.DefaultTestContextBootstrapper - Found explicit ContextLoader class [org.springframework.test.context.support.AnnotationConfigContextLoader] for context configuration attributes [ContextConfigurationAttributes@7f0d96f2 declaringClass = 'br.com.evasion.src.unit.impl.UserServiceTest', classes = '{class br.com.evasion.src.unit.config.TestConfiguration}', locations = '{}', inheritLocations = true, initializers = '{}', inheritInitializers = true, name = [null], contextLoaderClass = 'org.springframework.test.context.support.AnnotationConfigContextLoader']
19:23:42.092 [Test worker] DEBUG org.springframework.test.context.support.ActiveProfilesUtils - Could not find an 'annotation declaring class' for annotation type [org.springframework.test.context.ActiveProfiles] and class [br.com.evasion.src.unit.impl.UserServiceTest]
19:23:42.093 [Test worker] DEBUG org.springframework.test.context.support.DefaultTestContextBootstrapper - @TestExecutionListeners is not present for class [br.com.evasion.src.unit.impl.UserServiceTest]: using defaults.
19:23:42.093 [Test worker] INFO org.springframework.test.context.support.DefaultTestContextBootstrapper - Loaded default TestExecutionListener class names from location [META-INF/spring.factories]: [org.springframework.boot.test.autoconfigure.restdocs.RestDocsTestExecutionListener, org.springframework.boot.test.autoconfigure.web.client.MockRestServiceServerResetTestExecutionListener, org.springframework.boot.test.autoconfigure.web.servlet.MockMvcPrintOnlyOnFailureTestExecutionListener, org.springframework.boot.test.autoconfigure.web.servlet.WebDriverTestExecutionListener, org.springframework.boot.test.autoconfigure.webservices.client.MockWebServiceServerTestExecutionListener, org.springframework.boot.test.mock.mockito.MockitoTestExecutionListener, org.springframework.boot.test.mock.mockito.ResetMocksTestExecutionListener, org.springframework.test.context.web.ServletTestExecutionListener, org.springframework.test.context.support.DirtiesContextBeforeModesTestExecutionListener, org.springframework.test.context.support.DependencyInjectionTestExecutionListener, org.springframework.test.context.support.DirtiesContextTestExecutionListener, org.springframework.test.context.transaction.TransactionalTestExecutionListener, org.springframework.test.context.jdbc.SqlScriptsTestExecutionListener, org.springframework.test.context.event.EventPublishingTestExecutionListener]
19:23:42.101 [Test worker] INFO org.springframework.test.context.support.DefaultTestContextBootstrapper - Using TestExecutionListeners: [org.springframework.test.context.web.ServletTestExecutionListener@767e20cf, org.springframework.test.context.support.DirtiesContextBeforeModesTestExecutionListener@3a3e78f, org.springframework.boot.test.mock.mockito.MockitoTestExecutionListener@301ec38b, org.springframework.test.context.support.DependencyInjectionTestExecutionListener@17a1e4ca, org.springframework.test.context.support.DirtiesContextTestExecutionListener@10ded6a9, org.springframework.test.context.transaction.TransactionalTestExecutionListener@c5dc4a2, org.springframework.test.context.jdbc.SqlScriptsTestExecutionListener@4a194c39, org.springframework.test.context.event.EventPublishingTestExecutionListener@52066604, org.springframework.boot.test.autoconfigure.restdocs.RestDocsTestExecutionListener@340b9973, org.springframework.boot.test.autoconfigure.web.client.MockRestServiceServerResetTestExecutionListener@56113384, org.springframework.boot.test.autoconfigure.web.servlet.MockMvcPrintOnlyOnFailureTestExecutionListener@5669c5fb, org.springframework.boot.test.autoconfigure.web.servlet.WebDriverTestExecutionListener@373ebf74, org.springframework.boot.test.autoconfigure.webservices.client.MockWebServiceServerTestExecutionListener@5f9678e1, org.springframework.boot.test.mock.mockito.ResetMocksTestExecutionListener@c4ed84]
19:23:42.103 [Test worker] DEBUG org.springframework.test.context.support.AbstractDirtiesContextTestExecutionListener - Before test class: context [DefaultTestContext@59252cb6 testClass = UserServiceTest, testInstance = [null], testMethod = [null], testException = [null], mergedContextConfiguration = [MergedContextConfiguration@31d0e481 testClass = UserServiceTest, locations = '{}', classes = '{class br.com.evasion.src.unit.config.TestConfiguration}', contextInitializerClasses = '[]', activeProfiles = '{}', propertySourceLocations = '{}', propertySourceProperties = '{}', contextCustomizers = set[org.springframework.boot.test.autoconfigure.properties.PropertyMappingContextCustomizer@0, org.springframework.boot.test.autoconfigure.web.servlet.WebDriverContextCustomizerFactory$Customizer@142269f2, org.springframework.boot.test.context.filter.ExcludeFilterContextCustomizer@59b38691, org.springframework.boot.test.json.DuplicateJsonObjectContextCustomizerFactory$DuplicateJsonObjectContextCustomizer@6187d1f5, org.springframework.boot.test.mock.mockito.MockitoContextCustomizer@0], contextLoader = 'org.springframework.test.context.support.AnnotationConfigContextLoader', parent = [null]], attributes = map[[empty]]], class annotated with @DirtiesContext [false] with mode [null].
19:23:42.378 [Test worker] DEBUG org.springframework.test.context.support.DependencyInjectionTestExecutionListener - Performing dependency injection for test context [[DefaultTestContext@59252cb6 testClass = UserServiceTest, testInstance = br.com.evasion.src.unit.impl.UserServiceTest@562457e1, testMethod = [null], testException = [null], mergedContextConfiguration = [MergedContextConfiguration@31d0e481 testClass = UserServiceTest, locations = '{}', classes = '{class br.com.evasion.src.unit.config.TestConfiguration}', contextInitializerClasses = '[]', activeProfiles = '{}', propertySourceLocations = '{}', propertySourceProperties = '{}', contextCustomizers = set[org.springframework.boot.test.autoconfigure.properties.PropertyMappingContextCustomizer@0, org.springframework.boot.test.autoconfigure.web.servlet.WebDriverContextCustomizerFactory$Customizer@142269f2, org.springframework.boot.test.context.filter.ExcludeFilterContextCustomizer@59b38691, org.springframework.boot.test.json.DuplicateJsonObjectContextCustomizerFactory$DuplicateJsonObjectContextCustomizer@6187d1f5, org.springframework.boot.test.mock.mockito.MockitoContextCustomizer@0], contextLoader = 'org.springframework.test.context.support.AnnotationConfigContextLoader', parent = [null]], attributes = map[[empty]]]].
19:23:42.378 [Test worker] DEBUG org.springframework.test.context.support.AbstractGenericContextLoader - Loading ApplicationContext for merged context configuration [[MergedContextConfiguration@31d0e481 testClass = UserServiceTest, locations = '{}', classes = '{class br.com.evasion.src.unit.config.TestConfiguration}', contextInitializerClasses = '[]', activeProfiles = '{}', propertySourceLocations = '{}', propertySourceProperties = '{}', contextCustomizers = set[org.springframework.boot.test.autoconfigure.properties.PropertyMappingContextCustomizer@0, org.springframework.boot.test.autoconfigure.web.servlet.WebDriverContextCustomizerFactory$Customizer@142269f2, org.springframework.boot.test.context.filter.ExcludeFilterContextCustomizer@59b38691, org.springframework.boot.test.json.DuplicateJsonObjectContextCustomizerFactory$DuplicateJsonObjectContextCustomizer@6187d1f5, org.springframework.boot.test.mock.mockito.MockitoContextCustomizer@0], contextLoader = 'org.springframework.test.context.support.AnnotationConfigContextLoader', parent = [null]]].
19:23:42.397 [Test worker] DEBUG org.springframework.core.env.StandardEnvironment - Activating profiles []
19:23:42.398 [Test worker] DEBUG org.springframework.test.context.support.AnnotationConfigContextLoader - Registering component classes: {class br.com.evasion.src.unit.config.TestConfiguration}
19:23:42.417 [Test worker] DEBUG org.springframework.context.support.GenericApplicationContext - Refreshing org.springframework.context.support.GenericApplicationContext@385ef531
19:23:42.424 [Test worker] DEBUG org.springframework.beans.factory.support.DefaultListableBeanFactory - Creating shared instance of singleton bean 'org.springframework.context.annotation.internalConfigurationAnnotationProcessor'
19:23:42.475 [Test worker] DEBUG org.springframework.beans.factory.support.DefaultListableBeanFactory - Creating shared instance of singleton bean 'org.springframework.boot.test.mock.mockito.MockitoPostProcessor'
19:23:42.485 [Test worker] DEBUG org.springframework.beans.factory.support.DefaultListableBeanFactory - Creating shared instance of singleton bean 'org.springframework.context.event.internalEventListenerProcessor'
19:23:42.486 [Test worker] DEBUG org.springframework.beans.factory.support.DefaultListableBeanFactory - Creating shared instance of singleton bean 'org.springframework.context.event.internalEventListenerFactory'
19:23:42.487 [Test worker] DEBUG org.springframework.beans.factory.support.DefaultListableBeanFactory - Creating shared instance of singleton bean 'org.springframework.context.annotation.internalAutowiredAnnotationProcessor'
19:23:42.488 [Test worker] DEBUG org.springframework.beans.factory.support.DefaultListableBeanFactory - Creating shared instance of singleton bean 'org.springframework.context.annotation.internalCommonAnnotationProcessor'
19:23:42.490 [Test worker] DEBUG org.springframework.beans.factory.support.DefaultListableBeanFactory - Creating shared instance of singleton bean 'org.springframework.context.annotation.internalPersistenceAnnotationProcessor'
19:23:42.491 [Test worker] DEBUG org.springframework.beans.factory.support.DefaultListableBeanFactory - Creating shared instance of singleton bean 'org.springframework.boot.test.mock.mockito.MockitoPostProcessor$SpyPostProcessor'
19:23:42.498 [Test worker] DEBUG org.springframework.beans.factory.support.DefaultListableBeanFactory - Creating shared instance of singleton bean 'testConfiguration'
19:23:42.516 [Test worker] DEBUG org.springframework.test.context.cache.DefaultCacheAwareContextLoaderDelegate - Storing ApplicationContext [945747249] in cache under key [[MergedContextConfiguration@31d0e481 testClass = UserServiceTest, locations = '{}', classes = '{class br.com.evasion.src.unit.config.TestConfiguration}', contextInitializerClasses = '[]', activeProfiles = '{}', propertySourceLocations = '{}', propertySourceProperties = '{}', contextCustomizers = set[org.springframework.boot.test.autoconfigure.properties.PropertyMappingContextCustomizer@0, org.springframework.boot.test.autoconfigure.web.servlet.WebDriverContextCustomizerFactory$Customizer@142269f2, org.springframework.boot.test.context.filter.ExcludeFilterContextCustomizer@59b38691, org.springframework.boot.test.json.DuplicateJsonObjectContextCustomizerFactory$DuplicateJsonObjectContextCustomizer@6187d1f5, org.springframework.boot.test.mock.mockito.MockitoContextCustomizer@0], contextLoader = 'org.springframework.test.context.support.AnnotationConfigContextLoader', parent = [null]]]
19:23:42.516 [Test worker] DEBUG org.springframework.test.context.cache - Spring test ApplicationContext cache statistics: [DefaultContextCache@12c60152 size = 1, maxSize = 32, parentContextCount = 0, hitCount = 0, missCount = 1]
19:23:42.520 [Test worker] DEBUG org.springframework.test.context.cache.DefaultCacheAwareContextLoaderDelegate - Retrieved ApplicationContext [945747249] from cache with key [[MergedContextConfiguration@31d0e481 testClass = UserServiceTest, locations = '{}', classes = '{class br.com.evasion.src.unit.config.TestConfiguration}', contextInitializerClasses = '[]', activeProfiles = '{}', propertySourceLocations = '{}', propertySourceProperties = '{}', contextCustomizers = set[org.springframework.boot.test.autoconfigure.properties.PropertyMappingContextCustomizer@0, org.springframework.boot.test.autoconfigure.web.servlet.WebDriverContextCustomizerFactory$Customizer@142269f2, org.springframework.boot.test.context.filter.ExcludeFilterContextCustomizer@59b38691, org.springframework.boot.test.json.DuplicateJsonObjectContextCustomizerFactory$DuplicateJsonObjectContextCustomizer@6187d1f5, org.springframework.boot.test.mock.mockito.MockitoContextCustomizer@0], contextLoader = 'org.springframework.test.context.support.AnnotationConfigContextLoader', parent = [null]]]
19:23:42.520 [Test worker] DEBUG org.springframework.test.context.cache - Spring test ApplicationContext cache statistics: [DefaultContextCache@12c60152 size = 1, maxSize = 32, parentContextCount = 0, hitCount = 1, missCount = 1]
19:23:42.523 [Test worker] DEBUG org.springframework.test.context.support.AbstractDirtiesContextTestExecutionListener - Before test method: context [DefaultTestContext@59252cb6 testClass = UserServiceTest, testInstance = br.com.evasion.src.unit.impl.UserServiceTest@562457e1, testMethod = createUserTypeIsNullTest@UserServiceTest, testException = [null], mergedContextConfiguration = [MergedContextConfiguration@31d0e481 testClass = UserServiceTest, locations = '{}', classes = '{class br.com.evasion.src.unit.config.TestConfiguration}', contextInitializerClasses = '[]', activeProfiles = '{}', propertySourceLocations = '{}', propertySourceProperties = '{}', contextCustomizers = set[org.springframework.boot.test.autoconfigure.properties.PropertyMappingContextCustomizer@0, org.springframework.boot.test.autoconfigure.web.servlet.WebDriverContextCustomizerFactory$Customizer@142269f2, org.springframework.boot.test.context.filter.ExcludeFilterContextCustomizer@59b38691, org.springframework.boot.test.json.DuplicateJsonObjectContextCustomizerFactory$DuplicateJsonObjectContextCustomizer@6187d1f5, org.springframework.boot.test.mock.mockito.MockitoContextCustomizer@0], contextLoader = 'org.springframework.test.context.support.AnnotationConfigContextLoader', parent = [null]], attributes = map[[empty]]], class annotated with @DirtiesContext [false] with mode [null], method annotated with @DirtiesContext [false] with mode [null].
19:23:42.527 [Test worker] DEBUG org.springframework.test.context.cache.DefaultCacheAwareContextLoaderDelegate - Retrieved ApplicationContext [945747249] from cache with key [[MergedContextConfiguration@31d0e481 testClass = UserServiceTest, locations = '{}', classes = '{class br.com.evasion.src.unit.config.TestConfiguration}', contextInitializerClasses = '[]', activeProfiles = '{}', propertySourceLocations = '{}', propertySourceProperties = '{}', contextCustomizers = set[org.springframework.boot.test.autoconfigure.properties.PropertyMappingContextCustomizer@0, org.springframework.boot.test.autoconfigure.web.servlet.WebDriverContextCustomizerFactory$Customizer@142269f2, org.springframework.boot.test.context.filter.ExcludeFilterContextCustomizer@59b38691, org.springframework.boot.test.json.DuplicateJsonObjectContextCustomizerFactory$DuplicateJsonObjectContextCustomizer@6187d1f5, org.springframework.boot.test.mock.mockito.MockitoContextCustomizer@0], contextLoader = 'org.springframework.test.context.support.AnnotationConfigContextLoader', parent = [null]]]
19:23:42.527 [Test worker] DEBUG org.springframework.test.context.cache - Spring test ApplicationContext cache statistics: [DefaultContextCache@12c60152 size = 1, maxSize = 32, parentContextCount = 0, hitCount = 2, missCount = 1]
19:23:42.527 [Test worker] DEBUG org.springframework.test.context.cache.DefaultCacheAwareContextLoaderDelegate - Retrieved ApplicationContext [945747249] from cache with key [[MergedContextConfiguration@31d0e481 testClass = UserServiceTest, locations = '{}', classes = '{class br.com.evasion.src.unit.config.TestConfiguration}', contextInitializerClasses = '[]', activeProfiles = '{}', propertySourceLocations = '{}', propertySourceProperties = '{}', contextCustomizers = set[org.springframework.boot.test.autoconfigure.properties.PropertyMappingContextCustomizer@0, org.springframework.boot.test.autoconfigure.web.servlet.WebDriverContextCustomizerFactory$Customizer@142269f2, org.springframework.boot.test.context.filter.ExcludeFilterContextCustomizer@59b38691, org.springframework.boot.test.json.DuplicateJsonObjectContextCustomizerFactory$DuplicateJsonObjectContextCustomizer@6187d1f5, org.springframework.boot.test.mock.mockito.MockitoContextCustomizer@0], contextLoader = 'org.springframework.test.context.support.AnnotationConfigContextLoader', parent = [null]]]
19:23:42.528 [Test worker] DEBUG org.springframework.test.context.cache - Spring test ApplicationContext cache statistics: [DefaultContextCache@12c60152 size = 1, maxSize = 32, parentContextCount = 0, hitCount = 3, missCount = 1]
19:23:42.529 [Test worker] DEBUG org.springframework.test.context.cache.DefaultCacheAwareContextLoaderDelegate - Retrieved ApplicationContext [945747249] from cache with key [[MergedContextConfiguration@31d0e481 testClass = UserServiceTest, locations = '{}', classes = '{class br.com.evasion.src.unit.config.TestConfiguration}', contextInitializerClasses = '[]', activeProfiles = '{}', propertySourceLocations = '{}', propertySourceProperties = '{}', contextCustomizers = set[org.springframework.boot.test.autoconfigure.properties.PropertyMappingContextCustomizer@0, org.springframework.boot.test.autoconfigure.web.servlet.WebDriverContextCustomizerFactory$Customizer@142269f2, org.springframework.boot.test.context.filter.ExcludeFilterContextCustomizer@59b38691, org.springframework.boot.test.json.DuplicateJsonObjectContextCustomizerFactory$DuplicateJsonObjectContextCustomizer@6187d1f5, org.springframework.boot.test.mock.mockito.MockitoContextCustomizer@0], contextLoader = 'org.springframework.test.context.support.AnnotationConfigContextLoader', parent = [null]]]
19:23:42.529 [Test worker] DEBUG org.springframework.test.context.cache - Spring test ApplicationContext cache statistics: [DefaultContextCache@12c60152 size = 1, maxSize = 32, parentContextCount = 0, hitCount = 4, missCount = 1]
19:23:42.546 [Test worker] DEBUG org.springframework.test.context.cache.DefaultCacheAwareContextLoaderDelegate - Retrieved ApplicationContext [945747249] from cache with key [[MergedContextConfiguration@31d0e481 testClass = UserServiceTest, locations = '{}', classes = '{class br.com.evasion.src.unit.config.TestConfiguration}', contextInitializerClasses = '[]', activeProfiles = '{}', propertySourceLocations = '{}', propertySourceProperties = '{}', contextCustomizers = set[org.springframework.boot.test.autoconfigure.properties.PropertyMappingContextCustomizer@0, org.springframework.boot.test.autoconfigure.web.servlet.WebDriverContextCustomizerFactory$Customizer@142269f2, org.springframework.boot.test.context.filter.ExcludeFilterContextCustomizer@59b38691, org.springframework.boot.test.json.DuplicateJsonObjectContextCustomizerFactory$DuplicateJsonObjectContextCustomizer@6187d1f5, org.springframework.boot.test.mock.mockito.MockitoContextCustomizer@0], contextLoader = 'org.springframework.test.context.support.AnnotationConfigContextLoader', parent = [null]]]
19:23:42.546 [Test worker] DEBUG org.springframework.test.context.cache - Spring test ApplicationContext cache statistics: [DefaultContextCache@12c60152 size = 1, maxSize = 32, parentContextCount = 0, hitCount = 5, missCount = 1]
19:23:42.547 [Test worker] DEBUG org.springframework.test.context.cache.DefaultCacheAwareContextLoaderDelegate - Retrieved ApplicationContext [945747249] from cache with key [[MergedContextConfiguration@31d0e481 testClass = UserServiceTest, locations = '{}', classes = '{class br.com.evasion.src.unit.config.TestConfiguration}', contextInitializerClasses = '[]', activeProfiles = '{}', propertySourceLocations = '{}', propertySourceProperties = '{}', contextCustomizers = set[org.springframework.boot.test.autoconfigure.properties.PropertyMappingContextCustomizer@0, org.springframework.boot.test.autoconfigure.web.servlet.WebDriverContextCustomizerFactory$Customizer@142269f2, org.springframework.boot.test.context.filter.ExcludeFilterContextCustomizer@59b38691, org.springframework.boot.test.json.DuplicateJsonObjectContextCustomizerFactory$DuplicateJsonObjectContextCustomizer@6187d1f5, org.springframework.boot.test.mock.mockito.MockitoContextCustomizer@0], contextLoader = 'org.springframework.test.context.support.AnnotationConfigContextLoader', parent = [null]]]
19:23:42.547 [Test worker] DEBUG org.springframework.test.context.cache - Spring test ApplicationContext cache statistics: [DefaultContextCache@12c60152 size = 1, maxSize = 32, parentContextCount = 0, hitCount = 6, missCount = 1]
19:23:42.548 [Test worker] DEBUG org.springframework.test.context.cache.DefaultCacheAwareContextLoaderDelegate - Retrieved ApplicationContext [945747249] from cache with key [[MergedContextConfiguration@31d0e481 testClass = UserServiceTest, locations = '{}', classes = '{class br.com.evasion.src.unit.config.TestConfiguration}', contextInitializerClasses = '[]', activeProfiles = '{}', propertySourceLocations = '{}', propertySourceProperties = '{}', contextCustomizers = set[org.springframework.boot.test.autoconfigure.properties.PropertyMappingContextCustomizer@0, org.springframework.boot.test.autoconfigure.web.servlet.WebDriverContextCustomizerFactory$Customizer@142269f2, org.springframework.boot.test.context.filter.ExcludeFilterContextCustomizer@59b38691, org.springframework.boot.test.json.DuplicateJsonObjectContextCustomizerFactory$DuplicateJsonObjectContextCustomizer@6187d1f5, org.springframework.boot.test.mock.mockito.MockitoContextCustomizer@0], contextLoader = 'org.springframework.test.context.support.AnnotationConfigContextLoader', parent = [null]]]
19:23:42.548 [Test worker] DEBUG org.springframework.test.context.cache - Spring test ApplicationContext cache statistics: [DefaultContextCache@12c60152 size = 1, maxSize = 32, parentContextCount = 0, hitCount = 7, missCount = 1]
19:23:42.549 [Test worker] DEBUG org.springframework.test.context.cache.DefaultCacheAwareContextLoaderDelegate - Retrieved ApplicationContext [945747249] from cache with key [[MergedContextConfiguration@31d0e481 testClass = UserServiceTest, locations = '{}', classes = '{class br.com.evasion.src.unit.config.TestConfiguration}', contextInitializerClasses = '[]', activeProfiles = '{}', propertySourceLocations = '{}', propertySourceProperties = '{}', contextCustomizers = set[org.springframework.boot.test.autoconfigure.properties.PropertyMappingContextCustomizer@0, org.springframework.boot.test.autoconfigure.web.servlet.WebDriverContextCustomizerFactory$Customizer@142269f2, org.springframework.boot.test.context.filter.ExcludeFilterContextCustomizer@59b38691, org.springframework.boot.test.json.DuplicateJsonObjectContextCustomizerFactory$DuplicateJsonObjectContextCustomizer@6187d1f5, org.springframework.boot.test.mock.mockito.MockitoContextCustomizer@0], contextLoader = 'org.springframework.test.context.support.AnnotationConfigContextLoader', parent = [null]]]
19:23:42.549 [Test worker] DEBUG org.springframework.test.context.cache - Spring test ApplicationContext cache statistics: [DefaultContextCache@12c60152 size = 1, maxSize = 32, parentContextCount = 0, hitCount = 8, missCount = 1]
19:23:42.550 [Test worker] DEBUG org.springframework.test.context.cache.DefaultCacheAwareContextLoaderDelegate - Retrieved ApplicationContext [945747249] from cache with key [[MergedContextConfiguration@31d0e481 testClass = UserServiceTest, locations = '{}', classes = '{class br.com.evasion.src.unit.config.TestConfiguration}', contextInitializerClasses = '[]', activeProfiles = '{}', propertySourceLocations = '{}', propertySourceProperties = '{}', contextCustomizers = set[org.springframework.boot.test.autoconfigure.properties.PropertyMappingContextCustomizer@0, org.springframework.boot.test.autoconfigure.web.servlet.WebDriverContextCustomizerFactory$Customizer@142269f2, org.springframework.boot.test.context.filter.ExcludeFilterContextCustomizer@59b38691, org.springframework.boot.test.json.DuplicateJsonObjectContextCustomizerFactory$DuplicateJsonObjectContextCustomizer@6187d1f5, org.springframework.boot.test.mock.mockito.MockitoContextCustomizer@0], contextLoader = 'org.springframework.test.context.support.AnnotationConfigContextLoader', parent = [null]]]
19:23:42.550 [Test worker] DEBUG org.springframework.test.context.cache - Spring test ApplicationContext cache statistics: [DefaultContextCache@12c60152 size = 1, maxSize = 32, parentContextCount = 0, hitCount = 9, missCount = 1]
19:23:42.551 [Test worker] DEBUG org.springframework.test.context.cache.DefaultCacheAwareContextLoaderDelegate - Retrieved ApplicationContext [945747249] from cache with key [[MergedContextConfiguration@31d0e481 testClass = UserServiceTest, locations = '{}', classes = '{class br.com.evasion.src.unit.config.TestConfiguration}', contextInitializerClasses = '[]', activeProfiles = '{}', propertySourceLocations = '{}', propertySourceProperties = '{}', contextCustomizers = set[org.springframework.boot.test.autoconfigure.properties.PropertyMappingContextCustomizer@0, org.springframework.boot.test.autoconfigure.web.servlet.WebDriverContextCustomizerFactory$Customizer@142269f2, org.springframework.boot.test.context.filter.ExcludeFilterContextCustomizer@59b38691, org.springframework.boot.test.json.DuplicateJsonObjectContextCustomizerFactory$DuplicateJsonObjectContextCustomizer@6187d1f5, org.springframework.boot.test.mock.mockito.MockitoContextCustomizer@0], contextLoader = 'org.springframework.test.context.support.AnnotationConfigContextLoader', parent = [null]]]
19:23:42.551 [Test worker] DEBUG org.springframework.test.context.cache - Spring test ApplicationContext cache statistics: [DefaultContextCache@12c60152 size = 1, maxSize = 32, parentContextCount = 0, hitCount = 10, missCount = 1]
19:23:42.552 [Test worker] DEBUG org.springframework.test.context.support.AbstractDirtiesContextTestExecutionListener - After test method: context [DefaultTestContext@59252cb6 testClass = UserServiceTest, testInstance = br.com.evasion.src.unit.impl.UserServiceTest@562457e1, testMethod = createUserTypeIsNullTest@UserServiceTest, testException = [null], mergedContextConfiguration = [MergedContextConfiguration@31d0e481 testClass = UserServiceTest, locations = '{}', classes = '{class br.com.evasion.src.unit.config.TestConfiguration}', contextInitializerClasses = '[]', activeProfiles = '{}', propertySourceLocations = '{}', propertySourceProperties = '{}', contextCustomizers = set[org.springframework.boot.test.autoconfigure.properties.PropertyMappingContextCustomizer@0, org.springframework.boot.test.autoconfigure.web.servlet.WebDriverContextCustomizerFactory$Customizer@142269f2, org.springframework.boot.test.context.filter.ExcludeFilterContextCustomizer@59b38691, org.springframework.boot.test.json.DuplicateJsonObjectContextCustomizerFactory$DuplicateJsonObjectContextCustomizer@6187d1f5, org.springframework.boot.test.mock.mockito.MockitoContextCustomizer@0], contextLoader = 'org.springframework.test.context.support.AnnotationConfigContextLoader', parent = [null]], attributes = map[[empty]]], class annotated with @DirtiesContext [false] with mode [null], method annotated with @DirtiesContext [false] with mode [null].
19:23:42.556 [Test worker] DEBUG org.springframework.test.context.support.DependencyInjectionTestExecutionListener - Performing dependency injection for test context [[DefaultTestContext@59252cb6 testClass = UserServiceTest, testInstance = br.com.evasion.src.unit.impl.UserServiceTest@42373389, testMethod = [null], testException = [null], mergedContextConfiguration = [MergedContextConfiguration@31d0e481 testClass = UserServiceTest, locations = '{}', classes = '{class br.com.evasion.src.unit.config.TestConfiguration}', contextInitializerClasses = '[]', activeProfiles = '{}', propertySourceLocations = '{}', propertySourceProperties = '{}', contextCustomizers = set[org.springframework.boot.test.autoconfigure.properties.PropertyMappingContextCustomizer@0, org.springframework.boot.test.autoconfigure.web.servlet.WebDriverContextCustomizerFactory$Customizer@142269f2, org.springframework.boot.test.context.filter.ExcludeFilterContextCustomizer@59b38691, org.springframework.boot.test.json.DuplicateJsonObjectContextCustomizerFactory$DuplicateJsonObjectContextCustomizer@6187d1f5, org.springframework.boot.test.mock.mockito.MockitoContextCustomizer@0], contextLoader = 'org.springframework.test.context.support.AnnotationConfigContextLoader', parent = [null]], attributes = map[[empty]]]].
19:23:42.556 [Test worker] DEBUG org.springframework.test.context.cache.DefaultCacheAwareContextLoaderDelegate - Retrieved ApplicationContext [945747249] from cache with key [[MergedContextConfiguration@31d0e481 testClass = UserServiceTest, locations = '{}', classes = '{class br.com.evasion.src.unit.config.TestConfiguration}', contextInitializerClasses = '[]', activeProfiles = '{}', propertySourceLocations = '{}', propertySourceProperties = '{}', contextCustomizers = set[org.springframework.boot.test.autoconfigure.properties.PropertyMappingContextCustomizer@0, org.springframework.boot.test.autoconfigure.web.servlet.WebDriverContextCustomizerFactory$Customizer@142269f2, org.springframework.boot.test.context.filter.ExcludeFilterContextCustomizer@59b38691, org.springframework.boot.test.json.DuplicateJsonObjectContextCustomizerFactory$DuplicateJsonObjectContextCustomizer@6187d1f5, org.springframework.boot.test.mock.mockito.MockitoContextCustomizer@0], contextLoader = 'org.springframework.test.context.support.AnnotationConfigContextLoader', parent = [null]]]
19:23:42.556 [Test worker] DEBUG org.springframework.test.context.cache - Spring test ApplicationContext cache statistics: [DefaultContextCache@12c60152 size = 1, maxSize = 32, parentContextCount = 0, hitCount = 11, missCount = 1]
19:23:42.557 [Test worker] DEBUG org.springframework.test.context.cache.DefaultCacheAwareContextLoaderDelegate - Retrieved ApplicationContext [945747249] from cache with key [[MergedContextConfiguration@31d0e481 testClass = UserServiceTest, locations = '{}', classes = '{class br.com.evasion.src.unit.config.TestConfiguration}', contextInitializerClasses = '[]', activeProfiles = '{}', propertySourceLocations = '{}', propertySourceProperties = '{}', contextCustomizers = set[org.springframework.boot.test.autoconfigure.properties.PropertyMappingContextCustomizer@0, org.springframework.boot.test.autoconfigure.web.servlet.WebDriverContextCustomizerFactory$Customizer@142269f2, org.springframework.boot.test.context.filter.ExcludeFilterContextCustomizer@59b38691, org.springframework.boot.test.json.DuplicateJsonObjectContextCustomizerFactory$DuplicateJsonObjectContextCustomizer@6187d1f5, org.springframework.boot.test.mock.mockito.MockitoContextCustomizer@0], contextLoader = 'org.springframework.test.context.support.AnnotationConfigContextLoader', parent = [null]]]
19:23:42.557 [Test worker] DEBUG org.springframework.test.context.cache - Spring test ApplicationContext cache statistics: [DefaultContextCache@12c60152 size = 1, maxSize = 32, parentContextCount = 0, hitCount = 12, missCount = 1]
19:23:42.558 [Test worker] DEBUG org.springframework.test.context.support.AbstractDirtiesContextTestExecutionListener - Before test method: context [DefaultTestContext@59252cb6 testClass = UserServiceTest, testInstance = br.com.evasion.src.unit.impl.UserServiceTest@42373389, testMethod = createUserPasswordIsNullTest@UserServiceTest, testException = [null], mergedContextConfiguration = [MergedContextConfiguration@31d0e481 testClass = UserServiceTest, locations = '{}', classes = '{class br.com.evasion.src.unit.config.TestConfiguration}', contextInitializerClasses = '[]', activeProfiles = '{}', propertySourceLocations = '{}', propertySourceProperties = '{}', contextCustomizers = set[org.springframework.boot.test.autoconfigure.properties.PropertyMappingContextCustomizer@0, org.springframework.boot.test.autoconfigure.web.servlet.WebDriverContextCustomizerFactory$Customizer@142269f2, org.springframework.boot.test.context.filter.ExcludeFilterContextCustomizer@59b38691, org.springframework.boot.test.json.DuplicateJsonObjectContextCustomizerFactory$DuplicateJsonObjectContextCustomizer@6187d1f5, org.springframework.boot.test.mock.mockito.MockitoContextCustomizer@0], contextLoader = 'org.springframework.test.context.support.AnnotationConfigContextLoader', parent = [null]], attributes = map[[empty]]], class annotated with @DirtiesContext [false] with mode [null], method annotated with @DirtiesContext [false] with mode [null].
19:23:42.559 [Test worker] DEBUG org.springframework.test.context.cache.DefaultCacheAwareContextLoaderDelegate - Retrieved ApplicationContext [945747249] from cache with key [[MergedContextConfiguration@31d0e481 testClass = UserServiceTest, locations = '{}', classes = '{class br.com.evasion.src.unit.config.TestConfiguration}', contextInitializerClasses = '[]', activeProfiles = '{}', propertySourceLocations = '{}', propertySourceProperties = '{}', contextCustomizers = set[org.springframework.boot.test.autoconfigure.properties.PropertyMappingContextCustomizer@0, org.springframework.boot.test.autoconfigure.web.servlet.WebDriverContextCustomizerFactory$Customizer@142269f2, org.springframework.boot.test.context.filter.ExcludeFilterContextCustomizer@59b38691, org.springframework.boot.test.json.DuplicateJsonObjectContextCustomizerFactory$DuplicateJsonObjectContextCustomizer@6187d1f5, org.springframework.boot.test.mock.mockito.MockitoContextCustomizer@0], contextLoader = 'org.springframework.test.context.support.AnnotationConfigContextLoader', parent = [null]]]
19:23:42.559 [Test worker] DEBUG org.springframework.test.context.cache - Spring test ApplicationContext cache statistics: [DefaultContextCache@12c60152 size = 1, maxSize = 32, parentContextCount = 0, hitCount = 13, missCount = 1]
19:23:42.559 [Test worker] DEBUG org.springframework.test.context.cache.DefaultCacheAwareContextLoaderDelegate - Retrieved ApplicationContext [945747249] from cache with key [[MergedContextConfiguration@31d0e481 testClass = UserServiceTest, locations = '{}', classes = '{class br.com.evasion.src.unit.config.TestConfiguration}', contextInitializerClasses = '[]', activeProfiles = '{}', propertySourceLocations = '{}', propertySourceProperties = '{}', contextCustomizers = set[org.springframework.boot.test.autoconfigure.properties.PropertyMappingContextCustomizer@0, org.springframework.boot.test.autoconfigure.web.servlet.WebDriverContextCustomizerFactory$Customizer@142269f2, org.springframework.boot.test.context.filter.ExcludeFilterContextCustomizer@59b38691, org.springframework.boot.test.json.DuplicateJsonObjectContextCustomizerFactory$DuplicateJsonObjectContextCustomizer@6187d1f5, org.springframework.boot.test.mock.mockito.MockitoContextCustomizer@0], contextLoader = 'org.springframework.test.context.support.AnnotationConfigContextLoader', parent = [null]]]
19:23:42.559 [Test worker] DEBUG org.springframework.test.context.cache - Spring test ApplicationContext cache statistics: [DefaultContextCache@12c60152 size = 1, maxSize = 32, parentContextCount = 0, hitCount = 14, missCount = 1]
19:23:42.559 [Test worker] DEBUG org.springframework.test.context.cache.DefaultCacheAwareContextLoaderDelegate - Retrieved ApplicationContext [945747249] from cache with key [[MergedContextConfiguration@31d0e481 testClass = UserServiceTest, locations = '{}', classes = '{class br.com.evasion.src.unit.config.TestConfiguration}', contextInitializerClasses = '[]', activeProfiles = '{}', propertySourceLocations = '{}', propertySourceProperties = '{}', contextCustomizers = set[org.springframework.boot.test.autoconfigure.properties.PropertyMappingContextCustomizer@0, org.springframework.boot.test.autoconfigure.web.servlet.WebDriverContextCustomizerFactory$Customizer@142269f2, org.springframework.boot.test.context.filter.ExcludeFilterContextCustomizer@59b38691, org.springframework.boot.test.json.DuplicateJsonObjectContextCustomizerFactory$DuplicateJsonObjectContextCustomizer@6187d1f5, org.springframework.boot.test.mock.mockito.MockitoContextCustomizer@0], contextLoader = 'org.springframework.test.context.support.AnnotationConfigContextLoader', parent = [null]]]
19:23:42.560 [Test worker] DEBUG org.springframework.test.context.cache - Spring test ApplicationContext cache statistics: [DefaultContextCache@12c60152 size = 1, maxSize = 32, parentContextCount = 0, hitCount = 15, missCount = 1]
19:23:42.561 [Test worker] DEBUG org.springframework.test.context.cache.DefaultCacheAwareContextLoaderDelegate - Retrieved ApplicationContext [945747249] from cache with key [[MergedContextConfiguration@31d0e481 testClass = UserServiceTest, locations = '{}', classes = '{class br.com.evasion.src.unit.config.TestConfiguration}', contextInitializerClasses = '[]', activeProfiles = '{}', propertySourceLocations = '{}', propertySourceProperties = '{}', contextCustomizers = set[org.springframework.boot.test.autoconfigure.properties.PropertyMappingContextCustomizer@0, org.springframework.boot.test.autoconfigure.web.servlet.WebDriverContextCustomizerFactory$Customizer@142269f2, org.springframework.boot.test.context.filter.ExcludeFilterContextCustomizer@59b38691, org.springframework.boot.test.json.DuplicateJsonObjectContextCustomizerFactory$DuplicateJsonObjectContextCustomizer@6187d1f5, org.springframework.boot.test.mock.mockito.MockitoContextCustomizer@0], contextLoader = 'org.springframework.test.context.support.AnnotationConfigContextLoader', parent = [null]]]
19:23:42.562 [Test worker] DEBUG org.springframework.test.context.cache - Spring test ApplicationContext cache statistics: [DefaultContextCache@12c60152 size = 1, maxSize = 32, parentContextCount = 0, hitCount = 16, missCount = 1]
19:23:42.562 [Test worker] DEBUG org.springframework.test.context.cache.DefaultCacheAwareContextLoaderDelegate - Retrieved ApplicationContext [945747249] from cache with key [[MergedContextConfiguration@31d0e481 testClass = UserServiceTest, locations = '{}', classes = '{class br.com.evasion.src.unit.config.TestConfiguration}', contextInitializerClasses = '[]', activeProfiles = '{}', propertySourceLocations = '{}', propertySourceProperties = '{}', contextCustomizers = set[org.springframework.boot.test.autoconfigure.properties.PropertyMappingContextCustomizer@0, org.springframework.boot.test.autoconfigure.web.servlet.WebDriverContextCustomizerFactory$Customizer@142269f2, org.springframework.boot.test.context.filter.ExcludeFilterContextCustomizer@59b38691, org.springframework.boot.test.json.DuplicateJsonObjectContextCustomizerFactory$DuplicateJsonObjectContextCustomizer@6187d1f5, org.springframework.boot.test.mock.mockito.MockitoContextCustomizer@0], contextLoader = 'org.springframework.test.context.support.AnnotationConfigContextLoader', parent = [null]]]
19:23:42.562 [Test worker] DEBUG org.springframework.test.context.cache - Spring test ApplicationContext cache statistics: [DefaultContextCache@12c60152 size = 1, maxSize = 32, parentContextCount = 0, hitCount = 17, missCount = 1]
19:23:42.562 [Test worker] DEBUG org.springframework.test.context.cache.DefaultCacheAwareContextLoaderDelegate - Retrieved ApplicationContext [945747249] from cache with key [[MergedContextConfiguration@31d0e481 testClass = UserServiceTest, locations = '{}', classes = '{class br.com.evasion.src.unit.config.TestConfiguration}', contextInitializerClasses = '[]', activeProfiles = '{}', propertySourceLocations = '{}', propertySourceProperties = '{}', contextCustomizers = set[org.springframework.boot.test.autoconfigure.properties.PropertyMappingContextCustomizer@0, org.springframework.boot.test.autoconfigure.web.servlet.WebDriverContextCustomizerFactory$Customizer@142269f2, org.springframework.boot.test.context.filter.ExcludeFilterContextCustomizer@59b38691, org.springframework.boot.test.json.DuplicateJsonObjectContextCustomizerFactory$DuplicateJsonObjectContextCustomizer@6187d1f5, org.springframework.boot.test.mock.mockito.MockitoContextCustomizer@0], contextLoader = 'org.springframework.test.context.support.AnnotationConfigContextLoader', parent = [null]]]
19:23:42.562 [Test worker] DEBUG org.springframework.test.context.cache - Spring test ApplicationContext cache statistics: [DefaultContextCache@12c60152 size = 1, maxSize = 32, parentContextCount = 0, hitCount = 18, missCount = 1]
19:23:42.563 [Test worker] DEBUG org.springframework.test.context.cache.DefaultCacheAwareContextLoaderDelegate - Retrieved ApplicationContext [945747249] from cache with key [[MergedContextConfiguration@31d0e481 testClass = UserServiceTest, locations = '{}', classes = '{class br.com.evasion.src.unit.config.TestConfiguration}', contextInitializerClasses = '[]', activeProfiles = '{}', propertySourceLocations = '{}', propertySourceProperties = '{}', contextCustomizers = set[org.springframework.boot.test.autoconfigure.properties.PropertyMappingContextCustomizer@0, org.springframework.boot.test.autoconfigure.web.servlet.WebDriverContextCustomizerFactory$Customizer@142269f2, org.springframework.boot.test.context.filter.ExcludeFilterContextCustomizer@59b38691, org.springframework.boot.test.json.DuplicateJsonObjectContextCustomizerFactory$DuplicateJsonObjectContextCustomizer@6187d1f5, org.springframework.boot.test.mock.mockito.MockitoContextCustomizer@0], contextLoader = 'org.springframework.test.context.support.AnnotationConfigContextLoader', parent = [null]]]
19:23:42.563 [Test worker] DEBUG org.springframework.test.context.cache - Spring test ApplicationContext cache statistics: [DefaultContextCache@12c60152 size = 1, maxSize = 32, parentContextCount = 0, hitCount = 19, missCount = 1]
19:23:42.563 [Test worker] DEBUG org.springframework.test.context.cache.DefaultCacheAwareContextLoaderDelegate - Retrieved ApplicationContext [945747249] from cache with key [[MergedContextConfiguration@31d0e481 testClass = UserServiceTest, locations = '{}', classes = '{class br.com.evasion.src.unit.config.TestConfiguration}', contextInitializerClasses = '[]', activeProfiles = '{}', propertySourceLocations = '{}', propertySourceProperties = '{}', contextCustomizers = set[org.springframework.boot.test.autoconfigure.properties.PropertyMappingContextCustomizer@0, org.springframework.boot.test.autoconfigure.web.servlet.WebDriverContextCustomizerFactory$Customizer@142269f2, org.springframework.boot.test.context.filter.ExcludeFilterContextCustomizer@59b38691, org.springframework.boot.test.json.DuplicateJsonObjectContextCustomizerFactory$DuplicateJsonObjectContextCustomizer@6187d1f5, org.springframework.boot.test.mock.mockito.MockitoContextCustomizer@0], contextLoader = 'org.springframework.test.context.support.AnnotationConfigContextLoader', parent = [null]]]
19:23:42.563 [Test worker] DEBUG org.springframework.test.context.cache - Spring test ApplicationContext cache statistics: [DefaultContextCache@12c60152 size = 1, maxSize = 32, parentContextCount = 0, hitCount = 20, missCount = 1]
19:23:42.563 [Test worker] DEBUG org.springframework.test.context.cache.DefaultCacheAwareContextLoaderDelegate - Retrieved ApplicationContext [945747249] from cache with key [[MergedContextConfiguration@31d0e481 testClass = UserServiceTest, locations = '{}', classes = '{class br.com.evasion.src.unit.config.TestConfiguration}', contextInitializerClasses = '[]', activeProfiles = '{}', propertySourceLocations = '{}', propertySourceProperties = '{}', contextCustomizers = set[org.springframework.boot.test.autoconfigure.properties.PropertyMappingContextCustomizer@0, org.springframework.boot.test.autoconfigure.web.servlet.WebDriverContextCustomizerFactory$Customizer@142269f2, org.springframework.boot.test.context.filter.ExcludeFilterContextCustomizer@59b38691, org.springframework.boot.test.json.DuplicateJsonObjectContextCustomizerFactory$DuplicateJsonObjectContextCustomizer@6187d1f5, org.springframework.boot.test.mock.mockito.MockitoContextCustomizer@0], contextLoader = 'org.springframework.test.context.support.AnnotationConfigContextLoader', parent = [null]]]
19:23:42.563 [Test worker] DEBUG org.springframework.test.context.cache - Spring test ApplicationContext cache statistics: [DefaultContextCache@12c60152 size = 1, maxSize = 32, parentContextCount = 0, hitCount = 21, missCount = 1]
19:23:42.564 [Test worker] DEBUG org.springframework.test.context.support.AbstractDirtiesContextTestExecutionListener - After test method: context [DefaultTestContext@59252cb6 testClass = UserServiceTest, testInstance = br.com.evasion.src.unit.impl.UserServiceTest@42373389, testMethod = createUserPasswordIsNullTest@UserServiceTest, testException = [null], mergedContextConfiguration = [MergedContextConfiguration@31d0e481 testClass = UserServiceTest, locations = '{}', classes = '{class br.com.evasion.src.unit.config.TestConfiguration}', contextInitializerClasses = '[]', activeProfiles = '{}', propertySourceLocations = '{}', propertySourceProperties = '{}', contextCustomizers = set[org.springframework.boot.test.autoconfigure.properties.PropertyMappingContextCustomizer@0, org.springframework.boot.test.autoconfigure.web.servlet.WebDriverContextCustomizerFactory$Customizer@142269f2, org.springframework.boot.test.context.filter.ExcludeFilterContextCustomizer@59b38691, org.springframework.boot.test.json.DuplicateJsonObjectContextCustomizerFactory$DuplicateJsonObjectContextCustomizer@6187d1f5, org.springframework.boot.test.mock.mockito.MockitoContextCustomizer@0], contextLoader = 'org.springframework.test.context.support.AnnotationConfigContextLoader', parent = [null]], attributes = map[[empty]]], class annotated with @DirtiesContext [false] with mode [null], method annotated with @DirtiesContext [false] with mode [null].
19:23:42.565 [Test worker] DEBUG org.springframework.test.context.support.DependencyInjectionTestExecutionListener - Performing dependency injection for test context [[DefaultTestContext@59252cb6 testClass = UserServiceTest, testInstance = br.com.evasion.src.unit.impl.UserServiceTest@7661b5a, testMethod = [null], testException = [null], mergedContextConfiguration = [MergedContextConfiguration@31d0e481 testClass = UserServiceTest, locations = '{}', classes = '{class br.com.evasion.src.unit.config.TestConfiguration}', contextInitializerClasses = '[]', activeProfiles = '{}', propertySourceLocations = '{}', propertySourceProperties = '{}', contextCustomizers = set[org.springframework.boot.test.autoconfigure.properties.PropertyMappingContextCustomizer@0, org.springframework.boot.test.autoconfigure.web.servlet.WebDriverContextCustomizerFactory$Customizer@142269f2, org.springframework.boot.test.context.filter.ExcludeFilterContextCustomizer@59b38691, org.springframework.boot.test.json.DuplicateJsonObjectContextCustomizerFactory$DuplicateJsonObjectContextCustomizer@6187d1f5, org.springframework.boot.test.mock.mockito.MockitoContextCustomizer@0], contextLoader = 'org.springframework.test.context.support.AnnotationConfigContextLoader', parent = [null]], attributes = map[[empty]]]].
19:23:42.565 [Test worker] DEBUG org.springframework.test.context.cache.DefaultCacheAwareContextLoaderDelegate - Retrieved ApplicationContext [945747249] from cache with key [[MergedContextConfiguration@31d0e481 testClass = UserServiceTest, locations = '{}', classes = '{class br.com.evasion.src.unit.config.TestConfiguration}', contextInitializerClasses = '[]', activeProfiles = '{}', propertySourceLocations = '{}', propertySourceProperties = '{}', contextCustomizers = set[org.springframework.boot.test.autoconfigure.properties.PropertyMappingContextCustomizer@0, org.springframework.boot.test.autoconfigure.web.servlet.WebDriverContextCustomizerFactory$Customizer@142269f2, org.springframework.boot.test.context.filter.ExcludeFilterContextCustomizer@59b38691, org.springframework.boot.test.json.DuplicateJsonObjectContextCustomizerFactory$DuplicateJsonObjectContextCustomizer@6187d1f5, org.springframework.boot.test.mock.mockito.MockitoContextCustomizer@0], contextLoader = 'org.springframework.test.context.support.AnnotationConfigContextLoader', parent = [null]]]
19:23:42.565 [Test worker] DEBUG org.springframework.test.context.cache - Spring test ApplicationContext cache statistics: [DefaultContextCache@12c60152 size = 1, maxSize = 32, parentContextCount = 0, hitCount = 22, missCount = 1]
19:23:42.565 [Test worker] DEBUG org.springframework.test.context.cache.DefaultCacheAwareContextLoaderDelegate - Retrieved ApplicationContext [945747249] from cache with key [[MergedContextConfiguration@31d0e481 testClass = UserServiceTest, locations = '{}', classes = '{class br.com.evasion.src.unit.config.TestConfiguration}', contextInitializerClasses = '[]', activeProfiles = '{}', propertySourceLocations = '{}', propertySourceProperties = '{}', contextCustomizers = set[org.springframework.boot.test.autoconfigure.properties.PropertyMappingContextCustomizer@0, org.springframework.boot.test.autoconfigure.web.servlet.WebDriverContextCustomizerFactory$Customizer@142269f2, org.springframework.boot.test.context.filter.ExcludeFilterContextCustomizer@59b38691, org.springframework.boot.test.json.DuplicateJsonObjectContextCustomizerFactory$DuplicateJsonObjectContextCustomizer@6187d1f5, org.springframework.boot.test.mock.mockito.MockitoContextCustomizer@0], contextLoader = 'org.springframework.test.context.support.AnnotationConfigContextLoader', parent = [null]]]
19:23:42.565 [Test worker] DEBUG org.springframework.test.context.cache - Spring test ApplicationContext cache statistics: [DefaultContextCache@12c60152 size = 1, maxSize = 32, parentContextCount = 0, hitCount = 23, missCount = 1]
19:23:42.567 [Test worker] DEBUG org.springframework.test.context.support.AbstractDirtiesContextTestExecutionListener - Before test method: context [DefaultTestContext@59252cb6 testClass = UserServiceTest, testInstance = br.com.evasion.src.unit.impl.UserServiceTest@7661b5a, testMethod = authUserTest@UserServiceTest, testException = [null], mergedContextConfiguration = [MergedContextConfiguration@31d0e481 testClass = UserServiceTest, locations = '{}', classes = '{class br.com.evasion.src.unit.config.TestConfiguration}', contextInitializerClasses = '[]', activeProfiles = '{}', propertySourceLocations = '{}', propertySourceProperties = '{}', contextCustomizers = set[org.springframework.boot.test.autoconfigure.properties.PropertyMappingContextCustomizer@0, org.springframework.boot.test.autoconfigure.web.servlet.WebDriverContextCustomizerFactory$Customizer@142269f2, org.springframework.boot.test.context.filter.ExcludeFilterContextCustomizer@59b38691, org.springframework.boot.test.json.DuplicateJsonObjectContextCustomizerFactory$DuplicateJsonObjectContextCustomizer@6187d1f5, org.springframework.boot.test.mock.mockito.MockitoContextCustomizer@0], contextLoader = 'org.springframework.test.context.support.AnnotationConfigContextLoader', parent = [null]], attributes = map[[empty]]], class annotated with @DirtiesContext [false] with mode [null], method annotated with @DirtiesContext [false] with mode [null].
19:23:42.567 [Test worker] DEBUG org.springframework.test.context.cache.DefaultCacheAwareContextLoaderDelegate - Retrieved ApplicationContext [945747249] from cache with key [[MergedContextConfiguration@31d0e481 testClass = UserServiceTest, locations = '{}', classes = '{class br.com.evasion.src.unit.config.TestConfiguration}', contextInitializerClasses = '[]', activeProfiles = '{}', propertySourceLocations = '{}', propertySourceProperties = '{}', contextCustomizers = set[org.springframework.boot.test.autoconfigure.properties.PropertyMappingContextCustomizer@0, org.springframework.boot.test.autoconfigure.web.servlet.WebDriverContextCustomizerFactory$Customizer@142269f2, org.springframework.boot.test.context.filter.ExcludeFilterContextCustomizer@59b38691, org.springframework.boot.test.json.DuplicateJsonObjectContextCustomizerFactory$DuplicateJsonObjectContextCustomizer@6187d1f5, org.springframework.boot.test.mock.mockito.MockitoContextCustomizer@0], contextLoader = 'org.springframework.test.context.support.AnnotationConfigContextLoader', parent = [null]]]
19:23:42.567 [Test worker] DEBUG org.springframework.test.context.cache - Spring test ApplicationContext cache statistics: [DefaultContextCache@12c60152 size = 1, maxSize = 32, parentContextCount = 0, hitCount = 24, missCount = 1]
19:23:42.568 [Test worker] DEBUG org.springframework.test.context.cache.DefaultCacheAwareContextLoaderDelegate - Retrieved ApplicationContext [945747249] from cache with key [[MergedContextConfiguration@31d0e481 testClass = UserServiceTest, locations = '{}', classes = '{class br.com.evasion.src.unit.config.TestConfiguration}', contextInitializerClasses = '[]', activeProfiles = '{}', propertySourceLocations = '{}', propertySourceProperties = '{}', contextCustomizers = set[org.springframework.boot.test.autoconfigure.properties.PropertyMappingContextCustomizer@0, org.springframework.boot.test.autoconfigure.web.servlet.WebDriverContextCustomizerFactory$Customizer@142269f2, org.springframework.boot.test.context.filter.ExcludeFilterContextCustomizer@59b38691, org.springframework.boot.test.json.DuplicateJsonObjectContextCustomizerFactory$DuplicateJsonObjectContextCustomizer@6187d1f5, org.springframework.boot.test.mock.mockito.MockitoContextCustomizer@0], contextLoader = 'org.springframework.test.context.support.AnnotationConfigContextLoader', parent = [null]]]
19:23:42.568 [Test worker] DEBUG org.springframework.test.context.cache - Spring test ApplicationContext cache statistics: [DefaultContextCache@12c60152 size = 1, maxSize = 32, parentContextCount = 0, hitCount = 25, missCount = 1]
19:23:42.568 [Test worker] DEBUG org.springframework.test.context.cache.DefaultCacheAwareContextLoaderDelegate - Retrieved ApplicationContext [945747249] from cache with key [[MergedContextConfiguration@31d0e481 testClass = UserServiceTest, locations = '{}', classes = '{class br.com.evasion.src.unit.config.TestConfiguration}', contextInitializerClasses = '[]', activeProfiles = '{}', propertySourceLocations = '{}', propertySourceProperties = '{}', contextCustomizers = set[org.springframework.boot.test.autoconfigure.properties.PropertyMappingContextCustomizer@0, org.springframework.boot.test.autoconfigure.web.servlet.WebDriverContextCustomizerFactory$Customizer@142269f2, org.springframework.boot.test.context.filter.ExcludeFilterContextCustomizer@59b38691, org.springframework.boot.test.json.DuplicateJsonObjectContextCustomizerFactory$DuplicateJsonObjectContextCustomizer@6187d1f5, org.springframework.boot.test.mock.mockito.MockitoContextCustomizer@0], contextLoader = 'org.springframework.test.context.support.AnnotationConfigContextLoader', parent = [null]]]
19:23:42.569 [Test worker] DEBUG org.springframework.test.context.cache - Spring test ApplicationContext cache statistics: [DefaultContextCache@12c60152 size = 1, maxSize = 32, parentContextCount = 0, hitCount = 26, missCount = 1]
19:23:42.576 [Test worker] DEBUG org.springframework.test.context.cache.DefaultCacheAwareContextLoaderDelegate - Retrieved ApplicationContext [945747249] from cache with key [[MergedContextConfiguration@31d0e481 testClass = UserServiceTest, locations = '{}', classes = '{class br.com.evasion.src.unit.config.TestConfiguration}', contextInitializerClasses = '[]', activeProfiles = '{}', propertySourceLocations = '{}', propertySourceProperties = '{}', contextCustomizers = set[org.springframework.boot.test.autoconfigure.properties.PropertyMappingContextCustomizer@0, org.springframework.boot.test.autoconfigure.web.servlet.WebDriverContextCustomizerFactory$Customizer@142269f2, org.springframework.boot.test.context.filter.ExcludeFilterContextCustomizer@59b38691, org.springframework.boot.test.json.DuplicateJsonObjectContextCustomizerFactory$DuplicateJsonObjectContextCustomizer@6187d1f5, org.springframework.boot.test.mock.mockito.MockitoContextCustomizer@0], contextLoader = 'org.springframework.test.context.support.AnnotationConfigContextLoader', parent = [null]]]
19:23:42.577 [Test worker] DEBUG org.springframework.test.context.cache - Spring test ApplicationContext cache statistics: [DefaultContextCache@12c60152 size = 1, maxSize = 32, parentContextCount = 0, hitCount = 27, missCount = 1]
19:23:42.577 [Test worker] DEBUG org.springframework.test.context.cache.DefaultCacheAwareContextLoaderDelegate - Retrieved ApplicationContext [945747249] from cache with key [[MergedContextConfiguration@31d0e481 testClass = UserServiceTest, locations = '{}', classes = '{class br.com.evasion.src.unit.config.TestConfiguration}', contextInitializerClasses = '[]', activeProfiles = '{}', propertySourceLocations = '{}', propertySourceProperties = '{}', contextCustomizers = set[org.springframework.boot.test.autoconfigure.properties.PropertyMappingContextCustomizer@0, org.springframework.boot.test.autoconfigure.web.servlet.WebDriverContextCustomizerFactory$Customizer@142269f2, org.springframework.boot.test.context.filter.ExcludeFilterContextCustomizer@59b38691, org.springframework.boot.test.json.DuplicateJsonObjectContextCustomizerFactory$DuplicateJsonObjectContextCustomizer@6187d1f5, org.springframework.boot.test.mock.mockito.MockitoContextCustomizer@0], contextLoader = 'org.springframework.test.context.support.AnnotationConfigContextLoader', parent = [null]]]
19:23:42.577 [Test worker] DEBUG org.springframework.test.context.cache - Spring test ApplicationContext cache statistics: [DefaultContextCache@12c60152 size = 1, maxSize = 32, parentContextCount = 0, hitCount = 28, missCount = 1]
19:23:42.577 [Test worker] DEBUG org.springframework.test.context.cache.DefaultCacheAwareContextLoaderDelegate - Retrieved ApplicationContext [945747249] from cache with key [[MergedContextConfiguration@31d0e481 testClass = UserServiceTest, locations = '{}', classes = '{class br.com.evasion.src.unit.config.TestConfiguration}', contextInitializerClasses = '[]', activeProfiles = '{}', propertySourceLocations = '{}', propertySourceProperties = '{}', contextCustomizers = set[org.springframework.boot.test.autoconfigure.properties.PropertyMappingContextCustomizer@0, org.springframework.boot.test.autoconfigure.web.servlet.WebDriverContextCustomizerFactory$Customizer@142269f2, org.springframework.boot.test.context.filter.ExcludeFilterContextCustomizer@59b38691, org.springframework.boot.test.json.DuplicateJsonObjectContextCustomizerFactory$DuplicateJsonObjectContextCustomizer@6187d1f5, org.springframework.boot.test.mock.mockito.MockitoContextCustomizer@0], contextLoader = 'org.springframework.test.context.support.AnnotationConfigContextLoader', parent = [null]]]
19:23:42.577 [Test worker] DEBUG org.springframework.test.context.cache - Spring test ApplicationContext cache statistics: [DefaultContextCache@12c60152 size = 1, maxSize = 32, parentContextCount = 0, hitCount = 29, missCount = 1]
19:23:42.577 [Test worker] DEBUG org.springframework.test.context.cache.DefaultCacheAwareContextLoaderDelegate - Retrieved ApplicationContext [945747249] from cache with key [[MergedContextConfiguration@31d0e481 testClass = UserServiceTest, locations = '{}', classes = '{class br.com.evasion.src.unit.config.TestConfiguration}', contextInitializerClasses = '[]', activeProfiles = '{}', propertySourceLocations = '{}', propertySourceProperties = '{}', contextCustomizers = set[org.springframework.boot.test.autoconfigure.properties.PropertyMappingContextCustomizer@0, org.springframework.boot.test.autoconfigure.web.servlet.WebDriverContextCustomizerFactory$Customizer@142269f2, org.springframework.boot.test.context.filter.ExcludeFilterContextCustomizer@59b38691, org.springframework.boot.test.json.DuplicateJsonObjectContextCustomizerFactory$DuplicateJsonObjectContextCustomizer@6187d1f5, org.springframework.boot.test.mock.mockito.MockitoContextCustomizer@0], contextLoader = 'org.springframework.test.context.support.AnnotationConfigContextLoader', parent = [null]]]
19:23:42.578 [Test worker] DEBUG org.springframework.test.context.cache - Spring test ApplicationContext cache statistics: [DefaultContextCache@12c60152 size = 1, maxSize = 32, parentContextCount = 0, hitCount = 30, missCount = 1]
19:23:42.578 [Test worker] DEBUG org.springframework.test.context.cache.DefaultCacheAwareContextLoaderDelegate - Retrieved ApplicationContext [945747249] from cache with key [[MergedContextConfiguration@31d0e481 testClass = UserServiceTest, locations = '{}', classes = '{class br.com.evasion.src.unit.config.TestConfiguration}', contextInitializerClasses = '[]', activeProfiles = '{}', propertySourceLocations = '{}', propertySourceProperties = '{}', contextCustomizers = set[org.springframework.boot.test.autoconfigure.properties.PropertyMappingContextCustomizer@0, org.springframework.boot.test.autoconfigure.web.servlet.WebDriverContextCustomizerFactory$Customizer@142269f2, org.springframework.boot.test.context.filter.ExcludeFilterContextCustomizer@59b38691, org.springframework.boot.test.json.DuplicateJsonObjectContextCustomizerFactory$DuplicateJsonObjectContextCustomizer@6187d1f5, org.springframework.boot.test.mock.mockito.MockitoContextCustomizer@0], contextLoader = 'org.springframework.test.context.support.AnnotationConfigContextLoader', parent = [null]]]
19:23:42.578 [Test worker] DEBUG org.springframework.test.context.cache - Spring test ApplicationContext cache statistics: [DefaultContextCache@12c60152 size = 1, maxSize = 32, parentContextCount = 0, hitCount = 31, missCount = 1]
19:23:42.578 [Test worker] DEBUG org.springframework.test.context.cache.DefaultCacheAwareContextLoaderDelegate - Retrieved ApplicationContext [945747249] from cache with key [[MergedContextConfiguration@31d0e481 testClass = UserServiceTest, locations = '{}', classes = '{class br.com.evasion.src.unit.config.TestConfiguration}', contextInitializerClasses = '[]', activeProfiles = '{}', propertySourceLocations = '{}', propertySourceProperties = '{}', contextCustomizers = set[org.springframework.boot.test.autoconfigure.properties.PropertyMappingContextCustomizer@0, org.springframework.boot.test.autoconfigure.web.servlet.WebDriverContextCustomizerFactory$Customizer@142269f2, org.springframework.boot.test.context.filter.ExcludeFilterContextCustomizer@59b38691, org.springframework.boot.test.json.DuplicateJsonObjectContextCustomizerFactory$DuplicateJsonObjectContextCustomizer@6187d1f5, org.springframework.boot.test.mock.mockito.MockitoContextCustomizer@0], contextLoader = 'org.springframework.test.context.support.AnnotationConfigContextLoader', parent = [null]]]
19:23:42.578 [Test worker] DEBUG org.springframework.test.context.cache - Spring test ApplicationContext cache statistics: [DefaultContextCache@12c60152 size = 1, maxSize = 32, parentContextCount = 0, hitCount = 32, missCount = 1]
19:23:42.579 [Test worker] DEBUG org.springframework.test.context.support.AbstractDirtiesContextTestExecutionListener - After test method: context [DefaultTestContext@59252cb6 testClass = UserServiceTest, testInstance = br.com.evasion.src.unit.impl.UserServiceTest@7661b5a, testMethod = authUserTest@UserServiceTest, testException = [null], mergedContextConfiguration = [MergedContextConfiguration@31d0e481 testClass = UserServiceTest, locations = '{}', classes = '{class br.com.evasion.src.unit.config.TestConfiguration}', contextInitializerClasses = '[]', activeProfiles = '{}', propertySourceLocations = '{}', propertySourceProperties = '{}', contextCustomizers = set[org.springframework.boot.test.autoconfigure.properties.PropertyMappingContextCustomizer@0, org.springframework.boot.test.autoconfigure.web.servlet.WebDriverContextCustomizerFactory$Customizer@142269f2, org.springframework.boot.test.context.filter.ExcludeFilterContextCustomizer@59b38691, org.springframework.boot.test.json.DuplicateJsonObjectContextCustomizerFactory$DuplicateJsonObjectContextCustomizer@6187d1f5, org.springframework.boot.test.mock.mockito.MockitoContextCustomizer@0], contextLoader = 'org.springframework.test.context.support.AnnotationConfigContextLoader', parent = [null]], attributes = map[[empty]]], class annotated with @DirtiesContext [false] with mode [null], method annotated with @DirtiesContext [false] with mode [null].
19:23:42.580 [Test worker] DEBUG org.springframework.test.context.support.DependencyInjectionTestExecutionListener - Performing dependency injection for test context [[DefaultTestContext@59252cb6 testClass = UserServiceTest, testInstance = br.com.evasion.src.unit.impl.UserServiceTest@46185a1b, testMethod = [null], testException = [null], mergedContextConfiguration = [MergedContextConfiguration@31d0e481 testClass = UserServiceTest, locations = '{}', classes = '{class br.com.evasion.src.unit.config.TestConfiguration}', contextInitializerClasses = '[]', activeProfiles = '{}', propertySourceLocations = '{}', propertySourceProperties = '{}', contextCustomizers = set[org.springframework.boot.test.autoconfigure.properties.PropertyMappingContextCustomizer@0, org.springframework.boot.test.autoconfigure.web.servlet.WebDriverContextCustomizerFactory$Customizer@142269f2, org.springframework.boot.test.context.filter.ExcludeFilterContextCustomizer@59b38691, org.springframework.boot.test.json.DuplicateJsonObjectContextCustomizerFactory$DuplicateJsonObjectContextCustomizer@6187d1f5, org.springframework.boot.test.mock.mockito.MockitoContextCustomizer@0], contextLoader = 'org.springframework.test.context.support.AnnotationConfigContextLoader', parent = [null]], attributes = map[[empty]]]].
19:23:42.580 [Test worker] DEBUG org.springframework.test.context.cache.DefaultCacheAwareContextLoaderDelegate - Retrieved ApplicationContext [945747249] from cache with key [[MergedContextConfiguration@31d0e481 testClass = UserServiceTest, locations = '{}', classes = '{class br.com.evasion.src.unit.config.TestConfiguration}', contextInitializerClasses = '[]', activeProfiles = '{}', propertySourceLocations = '{}', propertySourceProperties = '{}', contextCustomizers = set[org.springframework.boot.test.autoconfigure.properties.PropertyMappingContextCustomizer@0, org.springframework.boot.test.autoconfigure.web.servlet.WebDriverContextCustomizerFactory$Customizer@142269f2, org.springframework.boot.test.context.filter.ExcludeFilterContextCustomizer@59b38691, org.springframework.boot.test.json.DuplicateJsonObjectContextCustomizerFactory$DuplicateJsonObjectContextCustomizer@6187d1f5, org.springframework.boot.test.mock.mockito.MockitoContextCustomizer@0], contextLoader = 'org.springframework.test.context.support.AnnotationConfigContextLoader', parent = [null]]]
19:23:42.580 [Test worker] DEBUG org.springframework.test.context.cache - Spring test ApplicationContext cache statistics: [DefaultContextCache@12c60152 size = 1, maxSize = 32, parentContextCount = 0, hitCount = 33, missCount = 1]
[...]
19:23:42.644 [Test worker] DEBUG org.springframework.test.context.cache.DefaultCacheAwareContextLoaderDelegate - Retrieved ApplicationContext [945747249] from cache with key [[MergedContextConfiguration@31d0e481 testClass = UserServiceTest, locations = '{}', classes = '{class br.com.evasion.src.unit.config.TestConfiguration}', contextInitializerClasses = '[]', activeProfiles = '{}', propertySourceLocations = '{}', propertySourceProperties = '{}', contextCustomizers = set[org.springframework.boot.test.autoconfigure.properties.PropertyMappingContextCustomizer@0, org.springframework.boot.test.autoconfigure.web.servlet.WebDriverContextCustomizerFactory$Customizer@142269f2, org.springframework.boot.test.context.filter.ExcludeFilterContextCustomizer@59b38691, org.springframework.boot.test.json.DuplicateJsonObjectContextCustomizerFactory$DuplicateJsonObjectContextCustomizer@6187d1f5, org.springframework.boot.test.mock.mockito.MockitoContextCustomizer@0], contextLoader = 'org.springframework.test.context.support.AnnotationConfigContextLoader', parent = [null]]]
19:23:42.644 [Test worker] DEBUG org.springframework.test.context.cache - Spring test ApplicationContext cache statistics: [DefaultContextCache@12c60152 size = 1, maxSize = 32, parentContextCount = 0, hitCount = 132, missCount = 1]
19:23:42.645 [Test worker] DEBUG org.springframework.test.context.cache.DefaultCacheAwareContextLoaderDelegate - Retrieved ApplicationContext [945747249] from cache with key [[MergedContextConfiguration@31d0e481 testClass = UserServiceTest, locations = '{}', classes = '{class br.com.evasion.src.unit.config.TestConfiguration}', contextInitializerClasses = '[]', activeProfiles = '{}', propertySourceLocations = '{}', propertySourceProperties = '{}', contextCustomizers = set[org.springframework.boot.test.autoconfigure.properties.PropertyMappingContextCustomizer@0, org.springframework.boot.test.autoconfigure.web.servlet.WebDriverContextCustomizerFactory$Customizer@142269f2, org.springframework.boot.test.context.filter.ExcludeFilterContextCustomizer@59b38691, org.springframework.boot.test.json.DuplicateJsonObjectContextCustomizerFactory$DuplicateJsonObjectContextCustomizer@6187d1f5, org.springframework.boot.test.mock.mockito.MockitoContextCustomizer@0], contextLoader = 'org.springframework.test.context.support.AnnotationConfigContextLoader', parent = [null]]]
19:23:42.645 [Test worker] DEBUG org.springframework.test.context.cache - Spring test ApplicationContext cache statistics: [DefaultContextCache@12c60152 size = 1, maxSize = 32, parentContextCount = 0, hitCount = 133, missCount = 1]
19:23:42.646 [Test worker] DEBUG org.springframework.test.context.support.AbstractDirtiesContextTestExecutionListener - Before test method: context [DefaultTestContext@59252cb6 testClass = UserServiceTest, testInstance = br.com.evasion.src.unit.impl.UserServiceTest@8851ce1, testMethod = deleteUserTest@UserServiceTest, testException = [null], mergedContextConfiguration = [MergedContextConfiguration@31d0e481 testClass = UserServiceTest, locations = '{}', classes = '{class br.com.evasion.src.unit.config.TestConfiguration}', contextInitializerClasses = '[]', activeProfiles = '{}', propertySourceLocations = '{}', propertySourceProperties = '{}', contextCustomizers = set[org.springframework.boot.test.autoconfigure.properties.PropertyMappingContextCustomizer@0, org.springframework.boot.test.autoconfigure.web.servlet.WebDriverContextCustomizerFactory$Customizer@142269f2, org.springframework.boot.test.context.filter.ExcludeFilterContextCustomizer@59b38691, org.springframework.boot.test.json.DuplicateJsonObjectContextCustomizerFactory$DuplicateJsonObjectContextCustomizer@6187d1f5, org.springframework.boot.test.mock.mockito.MockitoContextCustomizer@0], contextLoader = 'org.springframework.test.context.support.AnnotationConfigContextLoader', parent = [null]], attributes = map[[empty]]], class annotated with @DirtiesContext [false] with mode [null], method annotated with @DirtiesContext [false] with mode [null].
19:23:42.646 [Test worker] DEBUG org.springframework.test.context.cache.DefaultCacheAwareContextLoaderDelegate - Retrieved ApplicationContext [945747249] from cache with key [[MergedContextConfiguration@31d0e481 testClass = UserServiceTest, locations = '{}', classes = '{class br.com.evasion.src.unit.config.TestConfiguration}', contextInitializerClasses = '[]', activeProfiles = '{}', propertySourceLocations = '{}', propertySourceProperties = '{}', contextCustomizers = set[org.springframework.boot.test.autoconfigure.properties.PropertyMappingContextCustomizer@0, org.springframework.boot.test.autoconfigure.web.servlet.WebDriverContextCustomizerFactory$Customizer@142269f2, org.springframework.boot.test.context.filter.ExcludeFilterContextCustomizer@59b38691, org.springframework.boot.test.json.DuplicateJsonObjectContextCustomizerFactory$DuplicateJsonObjectContextCustomizer@6187d1f5, org.springframework.boot.test.mock.mockito.MockitoContextCustomizer@0], contextLoader = 'org.springframework.test.context.support.AnnotationConfigContextLoader', parent = [null]]]
19:23:42.646 [Test worker] DEBUG org.springframework.test.context.cache - Spring test ApplicationContext cache statistics: [DefaultContextCache@12c60152 size = 1, maxSize = 32, parentContextCount = 0, hitCount = 134, missCount = 1]
19:23:42.646 [Test worker] DEBUG org.springframework.test.context.cache.DefaultCacheAwareContextLoaderDelegate - Retrieved ApplicationContext [945747249] from cache with key [[MergedContextConfiguration@31d0e481 testClass = UserServiceTest, locations = '{}', classes = '{class br.com.evasion.src.unit.config.TestConfiguration}', contextInitializerClasses = '[]', activeProfiles = '{}', propertySourceLocations = '{}', propertySourceProperties = '{}', contextCustomizers = set[org.springframework.boot.test.autoconfigure.properties.PropertyMappingContextCustomizer@0, org.springframework.boot.test.autoconfigure.web.servlet.WebDriverContextCustomizerFactory$Customizer@142269f2, org.springframework.boot.test.context.filter.ExcludeFilterContextCustomizer@59b38691, org.springframework.boot.test.json.DuplicateJsonObjectContextCustomizerFactory$DuplicateJsonObjectContextCustomizer@6187d1f5, org.springframework.boot.test.mock.mockito.MockitoContextCustomizer@0], contextLoader = 'org.springframework.test.context.support.AnnotationConfigContextLoader', parent = [null]]]
19:23:42.647 [Test worker] DEBUG org.springframework.test.context.cache - Spring test ApplicationContext cache statistics: [DefaultContextCache@12c60152 size = 1, maxSize = 32, parentContextCount = 0, hitCount = 135, missCount = 1]
19:23:42.647 [Test worker] DEBUG org.springframework.test.context.cache.DefaultCacheAwareContextLoaderDelegate - Retrieved ApplicationContext [945747249] from cache with key [[MergedContextConfiguration@31d0e481 testClass = UserServiceTest, locations = '{}', classes = '{class br.com.evasion.src.unit.config.TestConfiguration}', contextInitializerClasses = '[]', activeProfiles = '{}', propertySourceLocations = '{}', propertySourceProperties = '{}', contextCustomizers = set[org.springframework.boot.test.autoconfigure.properties.PropertyMappingContextCustomizer@0, org.springframework.boot.test.autoconfigure.web.servlet.WebDriverContextCustomizerFactory$Customizer@142269f2, org.springframework.boot.test.context.filter.ExcludeFilterContextCustomizer@59b38691, org.springframework.boot.test.json.DuplicateJsonObjectContextCustomizerFactory$DuplicateJsonObjectContextCustomizer@6187d1f5, org.springframework.boot.test.mock.mockito.MockitoContextCustomizer@0], contextLoader = 'org.springframework.test.context.support.AnnotationConfigContextLoader', parent = [null]]]
19:23:42.647 [Test worker] DEBUG org.springframework.test.context.cache - Spring test ApplicationContext cache statistics: [DefaultContextCache@12c60152 size = 1, maxSize = 32, parentContextCount = 0, hitCount = 136, missCount = 1]
19:23:42.649 [Test worker] DEBUG org.springframework.test.context.cache.DefaultCacheAwareContextLoaderDelegate - Retrieved ApplicationContext [945747249] from cache with key [[MergedContextConfiguration@31d0e481 testClass = UserServiceTest, locations = '{}', classes = '{class br.com.evasion.src.unit.config.TestConfiguration}', contextInitializerClasses = '[]', activeProfiles = '{}', propertySourceLocations = '{}', propertySourceProperties = '{}', contextCustomizers = set[org.springframework.boot.test.autoconfigure.properties.PropertyMappingContextCustomizer@0, org.springframework.boot.test.autoconfigure.web.servlet.WebDriverContextCustomizerFactory$Customizer@142269f2, org.springframework.boot.test.context.filter.ExcludeFilterContextCustomizer@59b38691, org.springframework.boot.test.json.DuplicateJsonObjectContextCustomizerFactory$DuplicateJsonObjectContextCustomizer@6187d1f5, org.springframework.boot.test.mock.mockito.MockitoContextCustomizer@0], contextLoader = 'org.springframework.test.context.support.AnnotationConfigContextLoader', parent = [null]]]
19:23:42.649 [Test worker] DEBUG org.springframework.test.context.cache - Spring test ApplicationContext cache statistics: [DefaultContextCache@12c60152 size = 1, maxSize = 32, parentContextCount = 0, hitCount = 137, missCount = 1]
19:23:42.649 [Test worker] DEBUG org.springframework.test.context.cache.DefaultCacheAwareContextLoaderDelegate - Retrieved ApplicationContext [945747249] from cache with key [[MergedContextConfiguration@31d0e481 testClass = UserServiceTest, locations = '{}', classes = '{class br.com.evasion.src.unit.config.TestConfiguration}', contextInitializerClasses = '[]', activeProfiles = '{}', propertySourceLocations = '{}', propertySourceProperties = '{}', contextCustomizers = set[org.springframework.boot.test.autoconfigure.properties.PropertyMappingContextCustomizer@0, org.springframework.boot.test.autoconfigure.web.servlet.WebDriverContextCustomizerFactory$Customizer@142269f2, org.springframework.boot.test.context.filter.ExcludeFilterContextCustomizer@59b38691, org.springframework.boot.test.json.DuplicateJsonObjectContextCustomizerFactory$DuplicateJsonObjectContextCustomizer@6187d1f5, org.springframework.boot.test.mock.mockito.MockitoContextCustomizer@0], contextLoader = 'org.springframework.test.context.support.AnnotationConfigContextLoader', parent = [null]]]
19:23:42.649 [Test worker] DEBUG org.springframework.test.context.cache - Spring test ApplicationContext cache statistics: [DefaultContextCache@12c60152 size = 1, maxSize = 32, parentContextCount = 0, hitCount = 138, missCount = 1]
19:23:42.649 [Test worker] DEBUG org.springframework.test.context.cache.DefaultCacheAwareContextLoaderDelegate - Retrieved ApplicationContext [945747249] from cache with key [[MergedContextConfiguration@31d0e481 testClass = UserServiceTest, locations = '{}', classes = '{class br.com.evasion.src.unit.config.TestConfiguration}', contextInitializerClasses = '[]', activeProfiles = '{}', propertySourceLocations = '{}', propertySourceProperties = '{}', contextCustomizers = set[org.springframework.boot.test.autoconfigure.properties.PropertyMappingContextCustomizer@0, org.springframework.boot.test.autoconfigure.web.servlet.WebDriverContextCustomizerFactory$Customizer@142269f2, org.springframework.boot.test.context.filter.ExcludeFilterContextCustomizer@59b38691, org.springframework.boot.test.json.DuplicateJsonObjectContextCustomizerFactory$DuplicateJsonObjectContextCustomizer@6187d1f5, org.springframework.boot.test.mock.mockito.MockitoContextCustomizer@0], contextLoader = 'org.springframework.test.context.support.AnnotationConfigContextLoader', parent = [null]]]
19:23:42.649 [Test worker] DEBUG org.springframework.test.context.cache - Spring test ApplicationContext cache statistics: [DefaultContextCache@12c60152 size = 1, maxSize = 32, parentContextCount = 0, hitCount = 139, missCount = 1]
19:23:42.650 [Test worker] DEBUG org.springframework.test.context.cache.DefaultCacheAwareContextLoaderDelegate - Retrieved ApplicationContext [945747249] from cache with key [[MergedContextConfiguration@31d0e481 testClass = UserServiceTest, locations = '{}', classes = '{class br.com.evasion.src.unit.config.TestConfiguration}', contextInitializerClasses = '[]', activeProfiles = '{}', propertySourceLocations = '{}', propertySourceProperties = '{}', contextCustomizers = set[org.springframework.boot.test.autoconfigure.properties.PropertyMappingContextCustomizer@0, org.springframework.boot.test.autoconfigure.web.servlet.WebDriverContextCustomizerFactory$Customizer@142269f2, org.springframework.boot.test.context.filter.ExcludeFilterContextCustomizer@59b38691, org.springframework.boot.test.json.DuplicateJsonObjectContextCustomizerFactory$DuplicateJsonObjectContextCustomizer@6187d1f5, org.springframework.boot.test.mock.mockito.MockitoContextCustomizer@0], contextLoader = 'org.springframework.test.context.support.AnnotationConfigContextLoader', parent = [null]]]
19:23:42.650 [Test worker] DEBUG org.springframework.test.context.cache - Spring test ApplicationContext cache statistics: [DefaultContextCache@12c60152 size = 1, maxSize = 32, parentContextCount = 0, hitCount = 140, missCount = 1]
19:23:42.650 [Test worker] DEBUG org.springframework.test.context.cache.DefaultCacheAwareContextLoaderDelegate - Retrieved ApplicationContext [945747249] from cache with key [[MergedContextConfiguration@31d0e481 testClass = UserServiceTest, locations = '{}', classes = '{class br.com.evasion.src.unit.config.TestConfiguration}', contextInitializerClasses = '[]', activeProfiles = '{}', propertySourceLocations = '{}', propertySourceProperties = '{}', contextCustomizers = set[org.springframework.boot.test.autoconfigure.properties.PropertyMappingContextCustomizer@0, org.springframework.boot.test.autoconfigure.web.servlet.WebDriverContextCustomizerFactory$Customizer@142269f2, org.springframework.boot.test.context.filter.ExcludeFilterContextCustomizer@59b38691, org.springframework.boot.test.json.DuplicateJsonObjectContextCustomizerFactory$DuplicateJsonObjectContextCustomizer@6187d1f5, org.springframework.boot.test.mock.mockito.MockitoContextCustomizer@0], contextLoader = 'org.springframework.test.context.support.AnnotationConfigContextLoader', parent = [null]]]
19:23:42.650 [Test worker] DEBUG org.springframework.test.context.cache - Spring test ApplicationContext cache statistics: [DefaultContextCache@12c60152 size = 1, maxSize = 32, parentContextCount = 0, hitCount = 141, missCount = 1]
19:23:42.650 [Test worker] DEBUG org.springframework.test.context.cache.DefaultCacheAwareContextLoaderDelegate - Retrieved ApplicationContext [945747249] from cache with key [[MergedContextConfiguration@31d0e481 testClass = UserServiceTest, locations = '{}', classes = '{class br.com.evasion.src.unit.config.TestConfiguration}', contextInitializerClasses = '[]', activeProfiles = '{}', propertySourceLocations = '{}', propertySourceProperties = '{}', contextCustomizers = set[org.springframework.boot.test.autoconfigure.properties.PropertyMappingContextCustomizer@0, org.springframework.boot.test.autoconfigure.web.servlet.WebDriverContextCustomizerFactory$Customizer@142269f2, org.springframework.boot.test.context.filter.ExcludeFilterContextCustomizer@59b38691, org.springframework.boot.test.json.DuplicateJsonObjectContextCustomizerFactory$DuplicateJsonObjectContextCustomizer@6187d1f5, org.springframework.boot.test.mock.mockito.MockitoContextCustomizer@0], contextLoader = 'org.springframework.test.context.support.AnnotationConfigContextLoader', parent = [null]]]
19:23:42.650 [Test worker] DEBUG org.springframework.test.context.cache - Spring test ApplicationContext cache statistics: [DefaultContextCache@12c60152 size = 1, maxSize = 32, parentContextCount = 0, hitCount = 142, missCount = 1]
19:23:42.651 [Test worker] DEBUG org.springframework.test.context.support.AbstractDirtiesContextTestExecutionListener - After test method: context [DefaultTestContext@59252cb6 testClass = UserServiceTest, testInstance = br.com.evasion.src.unit.impl.UserServiceTest@8851ce1, testMethod = deleteUserTest@UserServiceTest, testException = [null], mergedContextConfiguration = [MergedContextConfiguration@31d0e481 testClass = UserServiceTest, locations = '{}', classes = '{class br.com.evasion.src.unit.config.TestConfiguration}', contextInitializerClasses = '[]', activeProfiles = '{}', propertySourceLocations = '{}', propertySourceProperties = '{}', contextCustomizers = set[org.springframework.boot.test.autoconfigure.properties.PropertyMappingContextCustomizer@0, org.springframework.boot.test.autoconfigure.web.servlet.WebDriverContextCustomizerFactory$Customizer@142269f2, org.springframework.boot.test.context.filter.ExcludeFilterContextCustomizer@59b38691, org.springframework.boot.test.json.DuplicateJsonObjectContextCustomizerFactory$DuplicateJsonObjectContextCustomizer@6187d1f5, org.springframework.boot.test.mock.mockito.MockitoContextCustomizer@0], contextLoader = 'org.springframework.test.context.support.AnnotationConfigContextLoader', parent = [null]], attributes = map[[empty]]], class annotated with @DirtiesContext [false] with mode [null], method annotated with @DirtiesContext [false] with mode [null].
19:23:42.653 [Test worker] DEBUG org.springframework.test.context.cache.DefaultCacheAwareContextLoaderDelegate - Retrieved ApplicationContext [945747249] from cache with key [[MergedContextConfiguration@31d0e481 testClass = UserServiceTest, locations = '{}', classes = '{class br.com.evasion.src.unit.config.TestConfiguration}', contextInitializerClasses = '[]', activeProfiles = '{}', propertySourceLocations = '{}', propertySourceProperties = '{}', contextCustomizers = set[org.springframework.boot.test.autoconfigure.properties.PropertyMappingContextCustomizer@0, org.springframework.boot.test.autoconfigure.web.servlet.WebDriverContextCustomizerFactory$Customizer@142269f2, org.springframework.boot.test.context.filter.ExcludeFilterContextCustomizer@59b38691, org.springframework.boot.test.json.DuplicateJsonObjectContextCustomizerFactory$DuplicateJsonObjectContextCustomizer@6187d1f5, org.springframework.boot.test.mock.mockito.MockitoContextCustomizer@0], contextLoader = 'org.springframework.test.context.support.AnnotationConfigContextLoader', parent = [null]]]
19:23:42.653 [Test worker] DEBUG org.springframework.test.context.cache - Spring test ApplicationContext cache statistics: [DefaultContextCache@12c60152 size = 1, maxSize = 32, parentContextCount = 0, hitCount = 143, missCount = 1]
19:23:42.653 [Test worker] DEBUG org.springframework.test.context.support.AbstractDirtiesContextTestExecutionListener - After test class: context [DefaultTestContext@59252cb6 testClass = UserServiceTest, testInstance = [null], testMethod = [null], testException = [null], mergedContextConfiguration = [MergedContextConfiguration@31d0e481 testClass = UserServiceTest, locations = '{}', classes = '{class br.com.evasion.src.unit.config.TestConfiguration}', contextInitializerClasses = '[]', activeProfiles = '{}', propertySourceLocations = '{}', propertySourceProperties = '{}', contextCustomizers = set[org.springframework.boot.test.autoconfigure.properties.PropertyMappingContextCustomizer@0, org.springframework.boot.test.autoconfigure.web.servlet.WebDriverContextCustomizerFactory$Customizer@142269f2, org.springframework.boot.test.context.filter.ExcludeFilterContextCustomizer@59b38691, org.springframework.boot.test.json.DuplicateJsonObjectContextCustomizerFactory$DuplicateJsonObjectContextCustomizer@6187d1f5, org.springframework.boot.test.mock.mockito.MockitoContextCustomizer@0], contextLoader = 'org.springframework.test.context.support.AnnotationConfigContextLoader', parent = [null]], attributes = map[[empty]]], class annotated with @DirtiesContext [false] with mode [null].
]]></system-out>
  <system-err><![CDATA[]]></system-err>
</testsuite>
